2025-01-14 18:01:11,676 - org.testng.internal.Utils -INFO - [TestNG] Running:
  C:\Users\Manish Jain\AppData\Local\JetBrains\IdeaIC2024.3\temp-testng-customsuite.xml

2025-01-14 18:01:12,514 - HerokuApp Automation -INFO - Starting the application....
2025-01-14 18:01:19,612 - HerokuApp Automation -INFO - Initiating HomePage Constructor.
2025-01-14 18:01:19,622 - HerokuApp Automation -INFO - Page Title Is Correct.
2025-01-14 18:22:40,489 - org.testng.internal.Utils -INFO - [TestNG] Running:
  C:\Users\Manish Jain\AppData\Local\JetBrains\IdeaIC2024.3\temp-testng-customsuite.xml

2025-01-14 18:22:41,025 - HerokuApp Automation -INFO - Starting the application....
2025-01-14 18:22:45,001 - HerokuApp Automation -INFO - Initiating HomePage Constructor.
2025-01-14 18:22:47,205 - HerokuApp Automation -INFO - Page Title Is Correct.
2025-01-14 18:25:56,055 - org.testng.internal.Utils -INFO - [TestNG] Running:
  C:\Users\Manish Jain\AppData\Local\JetBrains\IdeaIC2024.3\temp-testng-customsuite.xml

2025-01-14 18:25:56,557 - HerokuApp Automation -INFO - Starting the application....
2025-01-14 18:26:02,739 - HerokuApp Automation -INFO - Initiating HomePage Constructor.
2025-01-14 18:26:02,754 - HerokuApp Automation -INFO - Page Title Is Correct.
2025-01-14 18:33:52,186 - org.testng.internal.Utils -INFO - [TestNG] Running:
  C:\Users\Manish Jain\AppData\Local\JetBrains\IdeaIC2024.3\temp-testng-customsuite.xml

2025-01-14 18:33:52,798 - HerokuApp Automation -INFO - Starting the application....
2025-01-14 18:33:59,470 - HerokuApp Automation -INFO - Initiating HomePage Constructor.
2025-01-14 18:33:59,484 - HerokuApp Automation -INFO - Page Title Is Correct.
2025-01-14 18:34:52,434 - org.testng.internal.Utils -INFO - [Warning] The regular expression "landingPage" didn't match any method in class herokuApp.testcases.HerokuAppHomePageTest
2025-01-14 18:34:52,557 - org.testng.internal.Utils -INFO - [Utils] MethodGroupsHelper.collectMethodsByGroup() took 14 ms.
2025-01-14 18:34:52,570 - org.testng.internal.Utils -INFO - [Utils] MethodGroupsHelper.sortMethods() took 12 ms.
2025-01-14 18:34:52,573 - org.testng.internal.Utils -INFO - [Utils] MethodGroupsHelper.collectMethodsByGroup() took 0 ms.
2025-01-14 18:34:52,574 - org.testng.internal.Utils -INFO - [Utils] MethodGroupsHelper.sortMethods() took 0 ms.
2025-01-14 18:34:52,575 - org.testng.internal.Utils -INFO - [Utils] MethodGroupsHelper.collectMethodsByGroup() took 0 ms.
2025-01-14 18:34:52,577 - org.testng.internal.Utils -INFO - [Utils] MethodGroupsHelper.sortMethods() took 1 ms.
2025-01-14 18:34:52,577 - org.testng.internal.Utils -INFO - [Utils] MethodGroupsHelper.collectMethodsByGroup() took 0 ms.
2025-01-14 18:34:52,578 - org.testng.internal.Utils -INFO - [Utils] MethodGroupsHelper.sortMethods() took 0 ms.
2025-01-14 18:34:52,578 - org.testng.internal.Utils -INFO - [Utils] MethodGroupsHelper.collectMethodsByGroup() took 0 ms.
2025-01-14 18:34:52,579 - org.testng.internal.Utils -INFO - [Utils] MethodGroupsHelper.sortMethods() took 0 ms.
2025-01-14 18:34:52,580 - org.testng.internal.Utils -INFO - [Utils] MethodGroupsHelper.collectMethodsByGroup() took 0 ms.
2025-01-14 18:34:52,581 - org.testng.internal.Utils -INFO - [Utils] MethodGroupsHelper.sortMethods() took 0 ms.
2025-01-14 18:34:52,582 - org.testng.internal.Utils -INFO - [Utils] MethodGroupsHelper.collectMethodsByGroup() took 0 ms.
2025-01-14 18:34:52,582 - org.testng.internal.Utils -INFO - [Utils] MethodGroupsHelper.sortMethods() took 0 ms.
2025-01-14 18:34:52,583 - org.testng.internal.Utils -INFO - [Utils] MethodGroupsHelper.collectMethodsByGroup() took 0 ms.
2025-01-14 18:34:52,583 - org.testng.internal.Utils -INFO - [Utils] MethodGroupsHelper.sortMethods() took 0 ms.
2025-01-14 18:34:52,585 - org.testng.internal.Utils -INFO - [Utils] MethodGroupsHelper.collectMethodsByGroup() took 0 ms.
2025-01-14 18:34:52,587 - org.testng.internal.Utils -INFO - [Utils] MethodGroupsHelper.sortMethods() took 1 ms.
2025-01-14 18:34:52,588 - org.testng.internal.Utils -INFO - [Utils] MethodGroupsHelper.collectMethodsByGroup() took 0 ms.
2025-01-14 18:34:52,588 - org.testng.internal.Utils -INFO - [Utils] MethodGroupsHelper.sortMethods() took 0 ms.
2025-01-14 18:34:52,593 - org.testng.internal.Utils -INFO - [Utils] MethodGroupsHelper.collectMethodsByGroup() took 1 ms.
2025-01-14 18:34:52,593 - org.testng.internal.Utils -INFO - [Utils] MethodGroupsHelper.sortMethods() took 0 ms.
2025-01-14 18:34:52,594 - org.testng.internal.Utils -INFO - [Utils] MethodGroupsHelper.collectMethodsByGroup() took 0 ms.
2025-01-14 18:34:52,594 - org.testng.internal.Utils -INFO - [Utils] MethodGroupsHelper.sortMethods() took 0 ms.
2025-01-14 18:34:52,595 - org.testng.internal.Utils -INFO - [Utils] MethodGroupsHelper.collectMethodsByGroup() took 0 ms.
2025-01-14 18:34:52,596 - org.testng.internal.Utils -INFO - [Utils] MethodGroupsHelper.sortMethods() took 1 ms.
2025-01-14 18:34:52,597 - org.testng.internal.Utils -INFO - [Utils] MethodGroupsHelper.collectMethodsByGroup() took 0 ms.
2025-01-14 18:34:52,597 - org.testng.internal.Utils -INFO - [Utils] MethodGroupsHelper.sortMethods() took 0 ms.
2025-01-14 18:34:52,598 - org.testng.internal.Utils -INFO - [Utils] MethodGroupsHelper.collectMethodsByGroup() took 0 ms.
2025-01-14 18:34:52,598 - org.testng.internal.Utils -INFO - [Utils] MethodGroupsHelper.sortMethods() took 0 ms.
2025-01-14 18:34:52,604 - org.testng.internal.Utils -INFO - [TestNG] Running:
  D:\Manish\IntelliJProjects\tests\The-Heroku-App-Selenium\testng.xml

2025-01-14 18:34:53,185 - HerokuApp Automation -INFO - Starting the application....
2025-01-14 18:34:57,306 - org.testng.internal.Utils -INFO - [Utils] DynamicGraphHelper.createDynamicGraph() took 5 ms.
2025-01-14 18:34:57,356 - HerokuApp Automation -INFO - Initiating HomePage Constructor.
2025-01-14 18:34:59,255 - HerokuApp Automation -INFO - Page Title Is Correct.
2025-01-14 18:34:59,501 - org.testng.internal.Utils -INFO - [TestNG] Time taken by org.testng.internal.ExitCodeListener@398474a2: 0 ms
2025-01-14 18:44:41,445 - org.testng.internal.Utils -INFO - [Warning] The regular expression "landingPage" didn't match any method in class herokuApp.testcases.HerokuAppHomePageTest
2025-01-14 18:44:41,553 - org.testng.internal.Utils -INFO - [Utils] MethodGroupsHelper.collectMethodsByGroup() took 12 ms.
2025-01-14 18:44:41,566 - org.testng.internal.Utils -INFO - [Utils] MethodGroupsHelper.sortMethods() took 11 ms.
2025-01-14 18:44:41,569 - org.testng.internal.Utils -INFO - [Utils] MethodGroupsHelper.collectMethodsByGroup() took 0 ms.
2025-01-14 18:44:41,570 - org.testng.internal.Utils -INFO - [Utils] MethodGroupsHelper.sortMethods() took 0 ms.
2025-01-14 18:44:41,572 - org.testng.internal.Utils -INFO - [Utils] MethodGroupsHelper.collectMethodsByGroup() took 0 ms.
2025-01-14 18:44:41,573 - org.testng.internal.Utils -INFO - [Utils] MethodGroupsHelper.sortMethods() took 0 ms.
2025-01-14 18:44:41,574 - org.testng.internal.Utils -INFO - [Utils] MethodGroupsHelper.collectMethodsByGroup() took 0 ms.
2025-01-14 18:44:41,574 - org.testng.internal.Utils -INFO - [Utils] MethodGroupsHelper.sortMethods() took 0 ms.
2025-01-14 18:44:41,575 - org.testng.internal.Utils -INFO - [Utils] MethodGroupsHelper.collectMethodsByGroup() took 0 ms.
2025-01-14 18:44:41,575 - org.testng.internal.Utils -INFO - [Utils] MethodGroupsHelper.sortMethods() took 0 ms.
2025-01-14 18:44:41,576 - org.testng.internal.Utils -INFO - [Utils] MethodGroupsHelper.collectMethodsByGroup() took 0 ms.
2025-01-14 18:44:41,576 - org.testng.internal.Utils -INFO - [Utils] MethodGroupsHelper.sortMethods() took 0 ms.
2025-01-14 18:44:41,577 - org.testng.internal.Utils -INFO - [Utils] MethodGroupsHelper.collectMethodsByGroup() took 0 ms.
2025-01-14 18:44:41,577 - org.testng.internal.Utils -INFO - [Utils] MethodGroupsHelper.sortMethods() took 0 ms.
2025-01-14 18:44:41,578 - org.testng.internal.Utils -INFO - [Utils] MethodGroupsHelper.collectMethodsByGroup() took 0 ms.
2025-01-14 18:44:41,578 - org.testng.internal.Utils -INFO - [Utils] MethodGroupsHelper.sortMethods() took 0 ms.
2025-01-14 18:44:41,582 - org.testng.internal.Utils -INFO - [Utils] MethodGroupsHelper.collectMethodsByGroup() took 0 ms.
2025-01-14 18:44:41,582 - org.testng.internal.Utils -INFO - [Utils] MethodGroupsHelper.sortMethods() took 0 ms.
2025-01-14 18:44:41,583 - org.testng.internal.Utils -INFO - [Utils] MethodGroupsHelper.collectMethodsByGroup() took 0 ms.
2025-01-14 18:44:41,583 - org.testng.internal.Utils -INFO - [Utils] MethodGroupsHelper.sortMethods() took 0 ms.
2025-01-14 18:44:41,589 - org.testng.internal.Utils -INFO - [Utils] MethodGroupsHelper.collectMethodsByGroup() took 0 ms.
2025-01-14 18:44:41,590 - org.testng.internal.Utils -INFO - [Utils] MethodGroupsHelper.sortMethods() took 1 ms.
2025-01-14 18:44:41,590 - org.testng.internal.Utils -INFO - [Utils] MethodGroupsHelper.collectMethodsByGroup() took 0 ms.
2025-01-14 18:44:41,590 - org.testng.internal.Utils -INFO - [Utils] MethodGroupsHelper.sortMethods() took 0 ms.
2025-01-14 18:44:41,591 - org.testng.internal.Utils -INFO - [Utils] MethodGroupsHelper.collectMethodsByGroup() took 0 ms.
2025-01-14 18:44:41,592 - org.testng.internal.Utils -INFO - [Utils] MethodGroupsHelper.sortMethods() took 1 ms.
2025-01-14 18:44:41,595 - org.testng.internal.Utils -INFO - [Utils] MethodGroupsHelper.collectMethodsByGroup() took 0 ms.
2025-01-14 18:44:41,596 - org.testng.internal.Utils -INFO - [Utils] MethodGroupsHelper.sortMethods() took 0 ms.
2025-01-14 18:44:41,596 - org.testng.internal.Utils -INFO - [Utils] MethodGroupsHelper.collectMethodsByGroup() took 0 ms.
2025-01-14 18:44:41,597 - org.testng.internal.Utils -INFO - [Utils] MethodGroupsHelper.sortMethods() took 0 ms.
2025-01-14 18:44:41,602 - org.testng.internal.Utils -INFO - [TestNG] Running:
  D:\Manish\IntelliJProjects\tests\The-Heroku-App-Selenium\testng.xml

2025-01-14 18:44:42,165 - HerokuApp Automation -INFO - Starting the application....
2025-01-14 18:44:49,253 - org.testng.internal.Utils -INFO - [Utils] DynamicGraphHelper.createDynamicGraph() took 5 ms.
2025-01-14 18:44:49,305 - HerokuApp Automation -INFO - Initiating HomePage Constructor.
2025-01-14 18:44:49,319 - HerokuApp Automation -INFO - Page Title Is Correct.
2025-01-14 18:44:49,807 - org.testng.internal.Utils -INFO - [TestNG] Time taken by org.testng.reporters.EmailableReporter2@1f443fae: 220 ms
2025-01-14 18:44:49,807 - org.testng.internal.Utils -INFO - [TestNG] Time taken by org.testng.internal.ExitCodeListener@73ba6fe6: 0 ms
2025-01-14 18:54:00,663 - org.testng.internal.Utils -INFO - [Warning] The regular expression "landingPage" didn't match any method in class herokuApp.testcases.HerokuAppHomePageTest
2025-01-14 18:54:00,752 - org.testng.internal.Utils -INFO - [Utils] MethodGroupsHelper.collectMethodsByGroup() took 11 ms.
2025-01-14 18:54:00,762 - org.testng.internal.Utils -INFO - [Utils] MethodGroupsHelper.sortMethods() took 8 ms.
2025-01-14 18:54:00,764 - org.testng.internal.Utils -INFO - [Utils] MethodGroupsHelper.collectMethodsByGroup() took 0 ms.
2025-01-14 18:54:00,765 - org.testng.internal.Utils -INFO - [Utils] MethodGroupsHelper.sortMethods() took 1 ms.
2025-01-14 18:54:00,767 - org.testng.internal.Utils -INFO - [Utils] MethodGroupsHelper.collectMethodsByGroup() took 0 ms.
2025-01-14 18:54:00,767 - org.testng.internal.Utils -INFO - [Utils] MethodGroupsHelper.sortMethods() took 0 ms.
2025-01-14 18:54:00,768 - org.testng.internal.Utils -INFO - [Utils] MethodGroupsHelper.collectMethodsByGroup() took 0 ms.
2025-01-14 18:54:00,768 - org.testng.internal.Utils -INFO - [Utils] MethodGroupsHelper.sortMethods() took 0 ms.
2025-01-14 18:54:00,769 - org.testng.internal.Utils -INFO - [Utils] MethodGroupsHelper.collectMethodsByGroup() took 0 ms.
2025-01-14 18:54:00,770 - org.testng.internal.Utils -INFO - [Utils] MethodGroupsHelper.sortMethods() took 0 ms.
2025-01-14 18:54:00,770 - org.testng.internal.Utils -INFO - [Utils] MethodGroupsHelper.collectMethodsByGroup() took 0 ms.
2025-01-14 18:54:00,771 - org.testng.internal.Utils -INFO - [Utils] MethodGroupsHelper.sortMethods() took 0 ms.
2025-01-14 18:54:00,771 - org.testng.internal.Utils -INFO - [Utils] MethodGroupsHelper.collectMethodsByGroup() took 0 ms.
2025-01-14 18:54:00,771 - org.testng.internal.Utils -INFO - [Utils] MethodGroupsHelper.sortMethods() took 0 ms.
2025-01-14 18:54:00,772 - org.testng.internal.Utils -INFO - [Utils] MethodGroupsHelper.collectMethodsByGroup() took 0 ms.
2025-01-14 18:54:00,772 - org.testng.internal.Utils -INFO - [Utils] MethodGroupsHelper.sortMethods() took 0 ms.
2025-01-14 18:54:00,775 - org.testng.internal.Utils -INFO - [Utils] MethodGroupsHelper.collectMethodsByGroup() took 0 ms.
2025-01-14 18:54:00,776 - org.testng.internal.Utils -INFO - [Utils] MethodGroupsHelper.sortMethods() took 0 ms.
2025-01-14 18:54:00,777 - org.testng.internal.Utils -INFO - [Utils] MethodGroupsHelper.collectMethodsByGroup() took 0 ms.
2025-01-14 18:54:00,788 - org.testng.internal.Utils -INFO - [Utils] MethodGroupsHelper.sortMethods() took 0 ms.
2025-01-14 18:54:00,793 - org.testng.internal.Utils -INFO - [Utils] MethodGroupsHelper.collectMethodsByGroup() took 1 ms.
2025-01-14 18:54:00,794 - org.testng.internal.Utils -INFO - [Utils] MethodGroupsHelper.sortMethods() took 1 ms.
2025-01-14 18:54:00,794 - org.testng.internal.Utils -INFO - [Utils] MethodGroupsHelper.collectMethodsByGroup() took 0 ms.
2025-01-14 18:54:00,794 - org.testng.internal.Utils -INFO - [Utils] MethodGroupsHelper.sortMethods() took 0 ms.
2025-01-14 18:54:00,796 - org.testng.internal.Utils -INFO - [Utils] MethodGroupsHelper.collectMethodsByGroup() took 1 ms.
2025-01-14 18:54:00,797 - org.testng.internal.Utils -INFO - [Utils] MethodGroupsHelper.sortMethods() took 0 ms.
2025-01-14 18:54:00,799 - org.testng.internal.Utils -INFO - [Utils] MethodGroupsHelper.collectMethodsByGroup() took 0 ms.
2025-01-14 18:54:00,799 - org.testng.internal.Utils -INFO - [Utils] MethodGroupsHelper.sortMethods() took 0 ms.
2025-01-14 18:54:00,800 - org.testng.internal.Utils -INFO - [Utils] MethodGroupsHelper.collectMethodsByGroup() took 0 ms.
2025-01-14 18:54:00,800 - org.testng.internal.Utils -INFO - [Utils] MethodGroupsHelper.sortMethods() took 0 ms.
2025-01-14 18:54:00,805 - org.testng.internal.Utils -INFO - [TestNG] Running:
  D:\Manish\IntelliJProjects\tests\The-Heroku-App-Selenium\testng.xml

2025-01-14 18:54:01,255 - HerokuApp Automation -INFO - Starting the application....
2025-01-14 18:54:08,436 - org.testng.internal.Utils -INFO - [Utils] DynamicGraphHelper.createDynamicGraph() took 3 ms.
2025-01-14 18:54:08,468 - HerokuApp Automation -INFO - Initiating HomePage Constructor.
2025-01-14 18:54:08,478 - HerokuApp Automation -INFO - Page Title Is Correct.
2025-01-14 18:54:09,100 - org.testng.internal.Utils -INFO - [TestNG] Time taken by org.testng.reporters.EmailableReporter2@806996: 5 ms
2025-01-14 18:54:09,100 - org.testng.internal.Utils -INFO - [TestNG] Time taken by org.testng.internal.ExitCodeListener@78b612c6: 0 ms
2025-01-15 15:47:01,003 - org.testng.internal.Utils -INFO - [TestNG] Running:
  C:\Users\Manish Jain\AppData\Local\JetBrains\IdeaIC2024.3\temp-testng-customsuite.xml

2025-01-15 15:47:01,481 - HerokuApp Automation -INFO - Starting the application....
2025-01-15 15:47:07,047 - HerokuApp Automation -INFO - Initiating HomePage Constructor.
2025-01-15 15:47:07,083 - HerokuApp Automation -INFO - Page Header Is Correct.
2025-01-15 15:59:01,143 - org.testng.internal.Utils -INFO - [TestNG] Running:
  C:\Users\Manish Jain\AppData\Local\JetBrains\IdeaIC2024.3\temp-testng-customsuite.xml

2025-01-15 15:59:01,712 - HerokuApp Automation -INFO - Starting the application....
2025-01-15 15:59:06,046 - HerokuApp Automation -INFO - Initiating HomePage Constructor.
2025-01-15 16:03:15,883 - org.testng.internal.Utils -INFO - [TestNG] Running:
  C:\Users\Manish Jain\AppData\Local\JetBrains\IdeaIC2024.3\temp-testng-customsuite.xml

2025-01-15 16:03:16,424 - HerokuApp Automation -INFO - Starting the application....
2025-01-15 16:03:22,242 - HerokuApp Automation -INFO - Initiating HomePage Constructor.
2025-01-15 16:03:22,279 - HerokuApp Automation -INFO - Page Header Is Correct.
2025-01-15 17:03:24,173 - org.testng.internal.Utils -INFO - [TestNG] Running:
  C:\Users\Manish Jain\AppData\Local\JetBrains\IdeaIC2024.3\temp-testng-customsuite.xml

2025-01-15 17:03:24,709 - HerokuApp Automation -INFO - Starting the application....
2025-01-15 17:03:30,903 - HerokuApp Automation -INFO - Initiating HomePage Constructor.
2025-01-15 17:03:31,338 - HerokuApp Automation -INFO - AB Testing Page URL is correct.
2025-01-15 17:14:48,845 - org.testng.internal.Utils -INFO - [TestNG] Running:
  C:\Users\Manish Jain\AppData\Local\JetBrains\IdeaIC2024.3\temp-testng-customsuite.xml

2025-01-15 17:14:49,297 - HerokuApp Automation -INFO - Starting the application....
2025-01-15 17:14:55,274 - HerokuApp Automation -INFO - Initiating HomePage Constructor.
2025-01-15 17:16:44,832 - org.testng.internal.Utils -INFO - [TestNG] Running:
  C:\Users\Manish Jain\AppData\Local\JetBrains\IdeaIC2024.3\temp-testng-customsuite.xml

2025-01-15 17:16:45,270 - HerokuApp Automation -INFO - Starting the application....
2025-01-15 17:16:51,209 - HerokuApp Automation -INFO - Initiating HomePage Constructor.
2025-01-15 17:16:51,659 - HerokuApp Automation -INFO - AB Testing Page Header is correct.
2025-01-15 17:21:27,011 - org.testng.internal.Utils -INFO - [TestNG] Running:
  C:\Users\Manish Jain\AppData\Local\JetBrains\IdeaIC2024.3\temp-testng-customsuite.xml

2025-01-15 17:21:27,438 - HerokuApp Automation -INFO - Starting the application....
2025-01-15 17:21:33,431 - HerokuApp Automation -INFO - Initiating HomePage Constructor.
2025-01-15 17:21:33,902 - HerokuApp Automation -INFO - AB Testing Page Message is correct.
2025-01-15 19:12:34,605 - org.testng.internal.Utils -INFO - [TestNG] Running:
  C:\Users\Manish Jain\AppData\Local\JetBrains\IdeaIC2024.3\temp-testng-customsuite.xml

2025-01-15 19:12:35,048 - HerokuApp Automation -INFO - Starting the application....
2025-01-15 19:12:41,094 - HerokuApp Automation -INFO - Initiating HomePage Constructor.
2025-01-15 19:12:43,655 - HerokuApp Automation -INFO - Addition of element is correct.
2025-01-15 19:17:33,693 - org.testng.internal.Utils -INFO - [TestNG] Running:
  C:\Users\Manish Jain\AppData\Local\JetBrains\IdeaIC2024.3\temp-testng-customsuite.xml

2025-01-15 19:17:34,131 - HerokuApp Automation -INFO - Starting the application....
2025-01-15 19:17:39,758 - HerokuApp Automation -INFO - Initiating HomePage Constructor.
2025-01-15 19:17:52,366 - HerokuApp Automation -INFO - Deletion of element is incorrect.
2025-01-15 19:19:01,750 - org.testng.internal.Utils -INFO - [TestNG] Running:
  C:\Users\Manish Jain\AppData\Local\JetBrains\IdeaIC2024.3\temp-testng-customsuite.xml

2025-01-15 19:19:02,187 - HerokuApp Automation -INFO - Starting the application....
2025-01-15 19:19:08,052 - HerokuApp Automation -INFO - Initiating HomePage Constructor.
2025-01-15 19:19:20,667 - HerokuApp Automation -INFO - Deletion of element is incorrect.
2025-01-15 19:35:53,966 - org.testng.internal.Utils -INFO - [TestNG] Running:
  C:\Users\Manish Jain\AppData\Local\JetBrains\IdeaIC2024.3\temp-testng-customsuite.xml

2025-01-15 19:35:54,436 - HerokuApp Automation -INFO - Starting the application....
2025-01-15 19:36:00,434 - HerokuApp Automation -INFO - Initiating HomePage Constructor.
2025-01-15 19:36:13,095 - HerokuApp Automation -INFO - Deletion of element is incorrect.
2025-01-15 19:38:29,542 - org.testng.internal.Utils -INFO - [TestNG] Running:
  C:\Users\Manish Jain\AppData\Local\JetBrains\IdeaIC2024.3\temp-testng-customsuite.xml

2025-01-15 19:38:29,985 - HerokuApp Automation -INFO - Starting the application....
2025-01-15 19:38:35,845 - HerokuApp Automation -INFO - Initiating HomePage Constructor.
2025-01-15 19:38:58,580 - HerokuApp Automation -INFO - Deletion of element is incorrect.
2025-01-15 19:40:50,427 - org.testng.internal.Utils -INFO - [TestNG] Running:
  C:\Users\Manish Jain\AppData\Local\JetBrains\IdeaIC2024.3\temp-testng-customsuite.xml

2025-01-15 19:40:50,879 - HerokuApp Automation -INFO - Starting the application....
2025-01-15 19:40:57,017 - HerokuApp Automation -INFO - Initiating HomePage Constructor.
2025-01-15 19:41:09,653 - HerokuApp Automation -INFO - Deletion of element is correct.
2025-01-15 21:00:46,342 - org.testng.internal.Utils -INFO - [TestNG] Running:
  C:\Users\Manish Jain\AppData\Local\JetBrains\IdeaIC2024.3\temp-testng-customsuite.xml

2025-01-15 21:00:46,845 - HerokuApp Automation -INFO - Starting the application....
2025-01-15 21:00:51,207 - HerokuApp Automation -INFO - Initiating HomePage Constructor.
2025-01-15 21:00:54,484 - HerokuApp Automation -INFO - Basic Auth Page login is correct.
2025-01-15 21:05:25,342 - org.testng.internal.Utils -INFO - [TestNG] Running:
  C:\Users\Manish Jain\AppData\Local\JetBrains\IdeaIC2024.3\temp-testng-customsuite.xml

2025-01-15 21:05:25,801 - HerokuApp Automation -INFO - Starting the application....
2025-01-15 21:05:31,664 - HerokuApp Automation -INFO - Initiating HomePage Constructor.
2025-01-15 21:06:33,938 - org.testng.internal.Utils -INFO - [TestNG] Running:
  C:\Users\Manish Jain\AppData\Local\JetBrains\IdeaIC2024.3\temp-testng-customsuite.xml

2025-01-15 21:06:34,381 - HerokuApp Automation -INFO - Starting the application....
2025-01-15 21:06:40,376 - HerokuApp Automation -INFO - Initiating HomePage Constructor.
2025-01-15 21:06:41,490 - HerokuApp Automation -INFO - Basic Auth Page login is correct.
2025-01-15 21:06:49,779 - org.testng.internal.Utils -INFO - [TestNG] Running:
  C:\Users\Manish Jain\AppData\Local\JetBrains\IdeaIC2024.3\temp-testng-customsuite.xml

2025-01-15 21:06:50,212 - HerokuApp Automation -INFO - Starting the application....
2025-01-15 21:06:53,797 - HerokuApp Automation -INFO - Initiating HomePage Constructor.
2025-01-15 21:11:13,305 - org.testng.internal.Utils -INFO - [TestNG] Running:
  C:\Users\Manish Jain\AppData\Local\JetBrains\IdeaIC2024.3\temp-testng-customsuite.xml

2025-01-15 21:11:13,743 - HerokuApp Automation -INFO - Starting the application....
2025-01-15 21:11:19,571 - HerokuApp Automation -INFO - Initiating HomePage Constructor.
2025-01-15 21:12:56,345 - org.testng.internal.Utils -INFO - [TestNG] Running:
  C:\Users\Manish Jain\AppData\Local\JetBrains\IdeaIC2024.3\temp-testng-customsuite.xml

2025-01-15 21:12:56,772 - HerokuApp Automation -INFO - Starting the application....
2025-01-15 21:13:02,647 - HerokuApp Automation -INFO - Initiating HomePage Constructor.
2025-01-16 16:16:12,271 - org.testng.internal.Utils -INFO - [TestNG] Running:
  C:\Users\Manish Jain\AppData\Local\JetBrains\IdeaIC2024.3\temp-testng-customsuite.xml

2025-01-16 16:16:12,999 - HerokuApp Automation -INFO - Starting the application....
2025-01-16 16:16:19,208 - HerokuApp Automation -INFO - Initiating HomePage Constructor.
2025-01-16 16:16:20,380 - HerokuApp Automation -INFO - Basic Auth Page login is correct.
2025-01-16 20:15:52,728 - org.testng.internal.Utils -INFO - [TestNG] Running:
  C:\Users\Manish Jain\AppData\Local\JetBrains\IdeaIC2024.3\temp-testng-customsuite.xml

2025-01-16 20:15:53,987 - HerokuApp Automation -INFO - Starting the application....
2025-01-16 20:17:45,217 - org.testng.internal.Utils -INFO - [TestNG] Running:
  C:\Users\Manish Jain\AppData\Local\JetBrains\IdeaIC2024.3\temp-testng-customsuite.xml

2025-01-16 20:17:45,781 - HerokuApp Automation -INFO - Starting the application....
2025-01-16 20:17:51,964 - HerokuApp Automation -INFO - Initiating HomePage Constructor.
2025-01-16 20:17:52,872 - HerokuApp Automation -INFO - Broken image validation is correct.
2025-01-16 20:27:54,102 - org.testng.internal.Utils -INFO - [TestNG] Running:
  C:\Users\Manish Jain\AppData\Local\JetBrains\IdeaIC2024.3\temp-testng-customsuite.xml

2025-01-16 20:27:54,623 - HerokuApp Automation -INFO - Starting the application....
2025-01-16 20:28:01,021 - HerokuApp Automation -INFO - Initiating HomePage Constructor.
2025-01-16 20:28:01,953 - HerokuApp Automation -INFO - Broken image validation is correct.
2025-01-16 20:42:17,729 - org.testng.internal.Utils -INFO - [TestNG] Running:
  C:\Users\Manish Jain\AppData\Local\JetBrains\IdeaIC2024.3\temp-testng-customsuite.xml

2025-01-16 20:42:18,285 - HerokuApp Automation -INFO - Starting the application....
2025-01-16 20:42:24,614 - HerokuApp Automation -INFO - Initiating HomePage Constructor.
2025-01-16 20:42:25,561 - HerokuApp Automation -INFO - Broken image validation is correct.
2025-01-17 16:15:00,883 - org.testng.internal.Utils -INFO - [TestNG] Running:
  C:\Users\Manish Jain\AppData\Local\JetBrains\IdeaIC2024.3\temp-testng-customsuite.xml

2025-01-17 16:15:01,538 - HerokuApp Automation -INFO - Starting the application....
2025-01-17 16:15:07,934 - HerokuApp Automation -INFO - Initiating HomePage Constructor.
2025-01-17 16:15:08,345 - HerokuApp Automation -INFO - Page Header Is Correct.
2025-01-17 16:15:08,353 - HerokuApp Automation -INFO - Initiating HomePage Constructor.
2025-01-17 16:15:08,367 - HerokuApp Automation -INFO - Page Title Is Correct.
2025-01-17 16:15:08,376 - HerokuApp Automation -INFO - Initiating HomePage Constructor.
2025-01-17 16:15:08,914 - HerokuApp Automation -INFO - AB Testing Page Header is correct.
2025-01-17 16:15:08,918 - HerokuApp Automation -INFO - Initiating HomePage Constructor.
2025-01-17 16:15:19,062 - HerokuApp Automation -INFO - Initiating HomePage Constructor.
2025-01-17 16:15:29,130 - HerokuApp Automation -INFO - Initiating HomePage Constructor.
2025-01-17 16:15:39,169 - HerokuApp Automation -INFO - Initiating HomePage Constructor.
2025-01-17 16:18:41,678 - org.testng.internal.Utils -INFO - [TestNG] Running:
  C:\Users\Manish Jain\AppData\Local\JetBrains\IdeaIC2024.3\temp-testng-customsuite.xml

2025-01-17 16:18:42,182 - HerokuApp Automation -INFO - Starting the application....
2025-01-17 16:18:48,281 - HerokuApp Automation -INFO - Initiating HomePage Constructor.
2025-01-17 16:18:48,737 - HerokuApp Automation -INFO - AB Testing Page Header is correct.
2025-01-17 16:18:48,741 - HerokuApp Automation -INFO - Initiating HomePage Constructor.
2025-01-17 16:21:23,295 - org.testng.internal.Utils -INFO - [TestNG] Running:
  C:\Users\Manish Jain\AppData\Local\JetBrains\IdeaIC2024.3\temp-testng-customsuite.xml

2025-01-17 16:21:23,741 - HerokuApp Automation -INFO - Starting the application....
2025-01-17 16:21:29,817 - HerokuApp Automation -INFO - Initiating HomePage Constructor.
2025-01-17 16:21:30,273 - HerokuApp Automation -INFO - AB Testing Page URL is correct.
2025-01-17 16:21:38,730 - org.testng.internal.Utils -INFO - [TestNG] Running:
  C:\Users\Manish Jain\AppData\Local\JetBrains\IdeaIC2024.3\temp-testng-customsuite.xml

2025-01-17 16:21:39,219 - HerokuApp Automation -INFO - Starting the application....
2025-01-17 16:21:46,334 - HerokuApp Automation -INFO - Initiating HomePage Constructor.
2025-01-17 16:21:46,906 - HerokuApp Automation -INFO - AB Testing Page Header is correct.
2025-01-17 16:21:57,841 - org.testng.internal.Utils -INFO - [TestNG] Running:
  C:\Users\Manish Jain\AppData\Local\JetBrains\IdeaIC2024.3\temp-testng-customsuite.xml

2025-01-17 16:21:58,333 - HerokuApp Automation -INFO - Starting the application....
2025-01-17 16:22:02,209 - HerokuApp Automation -INFO - Initiating HomePage Constructor.
2025-01-17 16:22:04,909 - HerokuApp Automation -INFO - AB Testing Page Message is correct.
2025-01-17 16:22:27,920 - org.testng.internal.Utils -INFO - [TestNG] Running:
  C:\Users\Manish Jain\AppData\Local\JetBrains\IdeaIC2024.3\temp-testng-customsuite.xml

2025-01-17 16:22:28,357 - HerokuApp Automation -INFO - Starting the application....
2025-01-17 16:22:34,825 - HerokuApp Automation -INFO - Initiating HomePage Constructor.
2025-01-17 16:22:35,293 - HerokuApp Automation -INFO - AB Testing Page Header is correct.
2025-01-17 16:22:35,298 - HerokuApp Automation -INFO - Initiating HomePage Constructor.
2025-01-17 16:25:20,430 - org.testng.internal.Utils -INFO - [TestNG] Running:
  C:\Users\Manish Jain\AppData\Local\JetBrains\IdeaIC2024.3\temp-testng-customsuite.xml

2025-01-17 16:25:20,893 - HerokuApp Automation -INFO - Starting the application....
2025-01-17 16:25:26,934 - HerokuApp Automation -INFO - Initiating HomePage Constructor.
2025-01-17 16:25:27,700 - HerokuApp Automation -INFO - Broken image validation is correct.
2025-01-17 16:25:35,426 - org.testng.internal.Utils -INFO - [TestNG] Running:
  C:\Users\Manish Jain\AppData\Local\JetBrains\IdeaIC2024.3\temp-testng-customsuite.xml

2025-01-17 16:25:35,857 - HerokuApp Automation -INFO - Starting the application....
2025-01-17 16:25:41,692 - HerokuApp Automation -INFO - Initiating HomePage Constructor.
2025-01-17 16:25:42,405 - HerokuApp Automation -INFO - Broken image validation is correct.
2025-01-17 16:26:02,034 - org.testng.internal.Utils -INFO - [TestNG] Running:
  C:\Users\Manish Jain\AppData\Local\JetBrains\IdeaIC2024.3\temp-testng-customsuite.xml

2025-01-17 16:26:02,475 - HerokuApp Automation -INFO - Starting the application....
2025-01-17 16:26:08,512 - HerokuApp Automation -INFO - Initiating HomePage Constructor.
2025-01-17 16:26:08,543 - HerokuApp Automation -INFO - Page Header Is Correct.
2025-01-17 16:26:08,549 - HerokuApp Automation -INFO - Initiating HomePage Constructor.
2025-01-17 16:26:08,557 - HerokuApp Automation -INFO - Page Title Is Correct.
2025-01-17 16:26:16,009 - org.testng.internal.Utils -INFO - [TestNG] Running:
  C:\Users\Manish Jain\AppData\Local\JetBrains\IdeaIC2024.3\temp-testng-customsuite.xml

2025-01-17 16:26:16,449 - HerokuApp Automation -INFO - Starting the application....
2025-01-17 16:26:22,466 - HerokuApp Automation -INFO - Initiating HomePage Constructor.
2025-01-17 16:26:23,630 - HerokuApp Automation -INFO - Basic Auth Page login is correct.
2025-01-17 16:26:34,793 - org.testng.internal.Utils -INFO - [TestNG] Running:
  C:\Users\Manish Jain\AppData\Local\JetBrains\IdeaIC2024.3\temp-testng-customsuite.xml

2025-01-17 16:26:35,245 - HerokuApp Automation -INFO - Starting the application....
2025-01-17 16:26:51,591 - HerokuApp Automation -INFO - Initiating HomePage Constructor.
2025-01-17 16:26:52,093 - HerokuApp Automation -INFO - Add Remove Elements Page Header is correct.
2025-01-17 16:26:52,098 - HerokuApp Automation -INFO - Initiating HomePage Constructor.
2025-01-17 16:27:46,668 - org.testng.internal.Utils -INFO - [TestNG] Running:
  C:\Users\Manish Jain\AppData\Local\JetBrains\IdeaIC2024.3\temp-testng-customsuite.xml

2025-01-17 16:27:47,185 - HerokuApp Automation -INFO - Starting the application....
2025-01-17 16:27:54,055 - HerokuApp Automation -INFO - Initiating HomePage Constructor.
2025-01-17 16:27:54,505 - HerokuApp Automation -INFO - Add Remove Elements Page Header is correct.
2025-01-17 16:28:03,889 - org.testng.internal.Utils -INFO - [TestNG] Running:
  C:\Users\Manish Jain\AppData\Local\JetBrains\IdeaIC2024.3\temp-testng-customsuite.xml

2025-01-17 16:28:04,330 - HerokuApp Automation -INFO - Starting the application....
2025-01-17 16:28:10,286 - HerokuApp Automation -INFO - Initiating HomePage Constructor.
2025-01-17 16:28:11,962 - HerokuApp Automation -INFO - Addition of element is correct.
2025-01-17 16:28:17,670 - org.testng.internal.Utils -INFO - [TestNG] Running:
  C:\Users\Manish Jain\AppData\Local\JetBrains\IdeaIC2024.3\temp-testng-customsuite.xml

2025-01-17 16:28:18,104 - HerokuApp Automation -INFO - Starting the application....
2025-01-17 16:28:23,646 - HerokuApp Automation -INFO - Initiating HomePage Constructor.
2025-01-17 16:28:34,261 - HerokuApp Automation -INFO - Deletion of element is correct.
2025-01-17 16:30:50,097 - org.testng.internal.Utils -INFO - [TestNG] Running:
  C:\Users\Manish Jain\AppData\Local\JetBrains\IdeaIC2024.3\temp-testng-customsuite.xml

2025-01-17 16:30:50,533 - HerokuApp Automation -INFO - Starting the application....
2025-01-17 16:30:56,507 - HerokuApp Automation -INFO - Initiating HomePage Constructor.
2025-01-17 16:30:56,979 - HerokuApp Automation -INFO - Add Remove Elements Page Header is correct.
2025-01-17 16:30:56,983 - HerokuApp Automation -INFO - Initiating HomePage Constructor.
2025-01-17 16:33:41,604 - org.testng.internal.Utils -INFO - [TestNG] Running:
  C:\Users\Manish Jain\AppData\Local\JetBrains\IdeaIC2024.3\temp-testng-customsuite.xml

2025-01-17 16:33:42,144 - HerokuApp Automation -INFO - Starting the application....
2025-01-17 16:33:46,656 - HerokuApp Automation -INFO - Initiating HomePage Constructor.
2025-01-17 16:33:47,096 - HerokuApp Automation -INFO - Add Remove Elements Page Header is correct.
2025-01-17 16:33:47,105 - HerokuApp Automation -INFO - Initiating HomePage Constructor.
2025-01-17 16:42:35,819 - org.testng.internal.Utils -INFO - [TestNG] Running:
  C:\Users\Manish Jain\AppData\Local\JetBrains\IdeaIC2024.3\temp-testng-customsuite.xml

2025-01-17 16:42:36,273 - HerokuApp Automation -INFO - Starting the application....
2025-01-17 16:42:43,274 - HerokuApp Automation -INFO - Initiating HomePage Constructor.
2025-01-17 16:42:44,845 - HerokuApp Automation -INFO - Addition of element is correct.
2025-01-17 16:42:51,693 - org.testng.internal.Utils -INFO - [TestNG] Running:
  C:\Users\Manish Jain\AppData\Local\JetBrains\IdeaIC2024.3\temp-testng-customsuite.xml

2025-01-17 16:42:52,142 - HerokuApp Automation -INFO - Starting the application....
2025-01-17 16:42:57,487 - HerokuApp Automation -INFO - Initiating HomePage Constructor.
2025-01-17 16:43:08,101 - HerokuApp Automation -INFO - Deletion of element is correct.
2025-01-17 16:43:24,931 - org.testng.internal.Utils -INFO - [TestNG] Running:
  C:\Users\Manish Jain\AppData\Local\JetBrains\IdeaIC2024.3\temp-testng-customsuite.xml

2025-01-17 16:43:25,453 - HerokuApp Automation -INFO - Starting the application....
2025-01-17 16:43:31,590 - HerokuApp Automation -INFO - Initiating HomePage Constructor.
2025-01-17 16:43:32,143 - HerokuApp Automation -INFO - Add Remove Elements Page Header is correct.
2025-01-17 16:43:32,147 - HerokuApp Automation -INFO - Initiating HomePage Constructor.
2025-01-17 16:45:37,993 - org.testng.internal.Utils -INFO - [TestNG] Running:
  C:\Users\Manish Jain\AppData\Local\JetBrains\IdeaIC2024.3\temp-testng-customsuite.xml

2025-01-17 16:45:38,463 - HerokuApp Automation -INFO - Starting the application....
2025-01-17 16:45:44,748 - HerokuApp Automation -INFO - Initiating HomePage Constructor.
2025-01-17 16:45:45,211 - HerokuApp Automation -INFO - Add Remove Elements Page Header is correct.
2025-01-17 16:45:45,215 - HerokuApp Automation -INFO - Initiating HomePage Constructor.
2025-01-17 16:51:11,193 - org.testng.internal.Utils -INFO - [TestNG] Running:
  C:\Users\Manish Jain\AppData\Local\JetBrains\IdeaIC2024.3\temp-testng-customsuite.xml

2025-01-17 16:51:11,638 - HerokuApp Automation -INFO - Starting the application....
2025-01-17 16:51:18,566 - HerokuApp Automation -INFO - Initiating HomePage Constructor.
2025-01-17 16:51:20,126 - HerokuApp Automation -INFO - Addition of element is correct.
2025-01-17 16:51:20,128 - HerokuApp Automation -INFO - Shutting down selenium driver.
2025-01-17 16:51:39,862 - org.testng.internal.Utils -INFO - [TestNG] Running:
  C:\Users\Manish Jain\AppData\Local\JetBrains\IdeaIC2024.3\temp-testng-customsuite.xml

2025-01-17 16:51:40,299 - HerokuApp Automation -INFO - Starting the application....
2025-01-17 16:51:45,096 - HerokuApp Automation -INFO - Initiating HomePage Constructor.
2025-01-17 16:51:45,523 - HerokuApp Automation -INFO - Add Remove Elements Page Header is correct.
2025-01-17 16:51:45,526 - HerokuApp Automation -INFO - Shutting down selenium driver.
2025-01-17 16:51:45,685 - HerokuApp Automation -INFO - Initiating HomePage Constructor.
2025-01-17 16:52:38,803 - org.testng.internal.Utils -INFO - [TestNG] Running:
  C:\Users\Manish Jain\AppData\Local\JetBrains\IdeaIC2024.3\temp-testng-customsuite.xml

2025-01-17 16:52:39,257 - HerokuApp Automation -INFO - Starting the application....
2025-01-17 16:52:44,616 - HerokuApp Automation -INFO - Initiating HomePage Constructor.
2025-01-17 16:52:45,052 - HerokuApp Automation -INFO - Add Remove Elements Page Header is correct.
2025-01-17 16:52:45,055 - HerokuApp Automation -INFO - Shutting down selenium driver.
2025-01-17 16:52:45,229 - HerokuApp Automation -INFO - Initiating HomePage Constructor.
2025-01-17 16:58:53,409 - org.testng.internal.Utils -INFO - [TestNG] Running:
  C:\Users\Manish Jain\AppData\Local\JetBrains\IdeaIC2024.3\temp-testng-customsuite.xml

2025-01-17 16:58:53,855 - HerokuApp Automation -INFO - Starting the application....
2025-01-17 16:58:57,305 - HerokuApp Automation -INFO - Initiating HomePage Constructor.
2025-01-17 16:59:10,485 - HerokuApp Automation -INFO - Deletion of element is correct.
2025-01-17 16:59:22,366 - org.testng.internal.Utils -INFO - [TestNG] Running:
  C:\Users\Manish Jain\AppData\Local\JetBrains\IdeaIC2024.3\temp-testng-customsuite.xml

2025-01-17 16:59:22,818 - HerokuApp Automation -INFO - Starting the application....
2025-01-17 16:59:28,619 - HerokuApp Automation -INFO - Initiating HomePage Constructor.
2025-01-17 16:59:29,067 - HerokuApp Automation -INFO - Add Remove Elements Page Header is correct.
2025-01-17 16:59:29,181 - HerokuApp Automation -INFO - Initiating HomePage Constructor.
2025-01-17 17:09:18,051 - org.testng.internal.Utils -INFO - [TestNG] Running:
  C:\Users\Manish Jain\AppData\Local\JetBrains\IdeaIC2024.3\temp-testng-customsuite.xml

2025-01-17 17:09:18,495 - HerokuApp Automation -INFO - Starting the application....
2025-01-17 17:09:24,653 - HerokuApp Automation -INFO - Initiating HomePage Constructor.
2025-01-17 17:09:26,212 - HerokuApp Automation -INFO - Addition of element is correct.
2025-01-17 17:09:26,215 - HerokuApp Automation -INFO - Getting back home.
2025-01-17 17:09:36,639 - org.testng.internal.Utils -INFO - [TestNG] Running:
  C:\Users\Manish Jain\AppData\Local\JetBrains\IdeaIC2024.3\temp-testng-customsuite.xml

2025-01-17 17:09:37,083 - HerokuApp Automation -INFO - Starting the application....
2025-01-17 17:09:42,956 - HerokuApp Automation -INFO - Initiating HomePage Constructor.
2025-01-17 17:09:43,411 - HerokuApp Automation -INFO - Add Remove Elements Page Header is correct.
2025-01-17 17:09:43,415 - HerokuApp Automation -INFO - Getting back home.
2025-01-17 17:09:43,758 - HerokuApp Automation -INFO - Initiating HomePage Constructor.
2025-01-17 17:09:45,282 - HerokuApp Automation -INFO - Addition of element is correct.
2025-01-17 17:09:45,284 - HerokuApp Automation -INFO - Getting back home.
2025-01-17 17:09:45,628 - HerokuApp Automation -INFO - Initiating HomePage Constructor.
2025-01-17 17:09:56,177 - HerokuApp Automation -INFO - Deletion of element is correct.
2025-01-17 17:09:56,179 - HerokuApp Automation -INFO - Getting back home.
2025-01-17 17:11:37,983 - org.testng.internal.Utils -INFO - [TestNG] Running:
  C:\Users\Manish Jain\AppData\Local\JetBrains\IdeaIC2024.3\temp-testng-customsuite.xml

2025-01-17 17:11:38,433 - HerokuApp Automation -INFO - Starting the application....
2025-01-17 17:11:44,766 - HerokuApp Automation -INFO - Initiating HomePage Constructor.
2025-01-17 17:11:45,220 - HerokuApp Automation -INFO - AB Testing Page Header is correct.
2025-01-17 17:11:45,223 - HerokuApp Automation -INFO - Getting back home.
2025-01-17 17:11:45,589 - HerokuApp Automation -INFO - Initiating HomePage Constructor.
2025-01-17 17:11:46,000 - HerokuApp Automation -INFO - AB Testing Page Message is correct.
2025-01-17 17:11:46,001 - HerokuApp Automation -INFO - Getting back home.
2025-01-17 17:11:46,352 - HerokuApp Automation -INFO - Initiating HomePage Constructor.
2025-01-17 17:11:46,742 - HerokuApp Automation -INFO - AB Testing Page URL is correct.
2025-01-17 17:11:46,747 - HerokuApp Automation -INFO - Getting back home.
2025-01-17 17:12:02,909 - org.testng.internal.Utils -INFO - [TestNG] Running:
  C:\Users\Manish Jain\AppData\Local\JetBrains\IdeaIC2024.3\temp-testng-customsuite.xml

2025-01-17 17:12:03,371 - HerokuApp Automation -INFO - Starting the application....
2025-01-17 17:12:08,822 - HerokuApp Automation -INFO - Initiating HomePage Constructor.
2025-01-17 17:12:08,853 - HerokuApp Automation -INFO - Page Header Is Correct.
2025-01-17 17:12:08,856 - HerokuApp Automation -INFO - Initiating HomePage Constructor.
2025-01-17 17:12:08,867 - HerokuApp Automation -INFO - Page Title Is Correct.
2025-01-17 17:12:08,872 - HerokuApp Automation -INFO - Initiating HomePage Constructor.
2025-01-17 17:12:09,334 - HerokuApp Automation -INFO - AB Testing Page Header is correct.
2025-01-17 17:12:09,335 - HerokuApp Automation -INFO - Getting back home.
2025-01-17 17:12:09,667 - HerokuApp Automation -INFO - Initiating HomePage Constructor.
2025-01-17 17:12:10,087 - HerokuApp Automation -INFO - AB Testing Page Message is correct.
2025-01-17 17:12:10,088 - HerokuApp Automation -INFO - Getting back home.
2025-01-17 17:12:10,415 - HerokuApp Automation -INFO - Initiating HomePage Constructor.
2025-01-17 17:12:10,814 - HerokuApp Automation -INFO - AB Testing Page URL is correct.
2025-01-17 17:12:10,815 - HerokuApp Automation -INFO - Getting back home.
2025-01-17 17:12:11,152 - HerokuApp Automation -INFO - Initiating HomePage Constructor.
2025-01-17 17:12:12,217 - HerokuApp Automation -INFO - Basic Auth Page login is correct.
2025-01-17 17:12:12,218 - HerokuApp Automation -INFO - Getting back home.
2025-01-17 17:12:12,554 - HerokuApp Automation -INFO - Initiating HomePage Constructor.
2025-01-17 17:12:13,261 - HerokuApp Automation -INFO - Broken image validation is correct.
2025-01-17 17:12:13,262 - HerokuApp Automation -INFO - Getting back home.
2025-01-17 17:12:13,587 - HerokuApp Automation -INFO - Initiating HomePage Constructor.
2025-01-17 17:12:14,013 - HerokuApp Automation -INFO - Add Remove Elements Page Header is correct.
2025-01-17 17:12:14,014 - HerokuApp Automation -INFO - Getting back home.
2025-01-17 17:12:14,351 - HerokuApp Automation -INFO - Initiating HomePage Constructor.
2025-01-17 17:12:15,856 - HerokuApp Automation -INFO - Addition of element is correct.
2025-01-17 17:12:15,857 - HerokuApp Automation -INFO - Getting back home.
2025-01-17 17:12:16,189 - HerokuApp Automation -INFO - Initiating HomePage Constructor.
2025-01-17 17:12:26,707 - HerokuApp Automation -INFO - Deletion of element is correct.
2025-01-17 17:12:26,708 - HerokuApp Automation -INFO - Getting back home.
2025-01-17 17:14:10,945 - org.testng.internal.Utils -INFO - [TestNG] Running:
  C:\Users\Manish Jain\AppData\Local\JetBrains\IdeaIC2024.3\temp-testng-customsuite.xml

2025-01-17 17:14:11,434 - HerokuApp Automation -INFO - Starting the application....
2025-01-17 17:14:17,195 - HerokuApp Automation -INFO - Initiating HomePage Constructor.
2025-01-17 17:14:17,228 - HerokuApp Automation -INFO - Page Header Is Correct.
2025-01-17 17:14:17,233 - HerokuApp Automation -INFO - Initiating HomePage Constructor.
2025-01-17 17:14:17,246 - HerokuApp Automation -INFO - Page Title Is Correct.
2025-01-17 17:14:17,251 - HerokuApp Automation -INFO - Initiating HomePage Constructor.
2025-01-17 17:14:17,713 - HerokuApp Automation -INFO - AB Testing Page Header is correct.
2025-01-17 17:14:17,714 - HerokuApp Automation -INFO - Getting back home.
2025-01-17 17:14:18,099 - HerokuApp Automation -INFO - Initiating HomePage Constructor.
2025-01-17 17:14:18,563 - HerokuApp Automation -INFO - AB Testing Page Message is correct.
2025-01-17 17:14:18,564 - HerokuApp Automation -INFO - Getting back home.
2025-01-17 17:14:18,904 - HerokuApp Automation -INFO - Initiating HomePage Constructor.
2025-01-17 17:14:19,334 - HerokuApp Automation -INFO - AB Testing Page URL is correct.
2025-01-17 17:14:19,335 - HerokuApp Automation -INFO - Getting back home.
2025-01-17 17:14:19,682 - HerokuApp Automation -INFO - Initiating HomePage Constructor.
2025-01-17 17:14:20,815 - HerokuApp Automation -INFO - Basic Auth Page login is correct.
2025-01-17 17:14:20,816 - HerokuApp Automation -INFO - Getting back home.
2025-01-17 17:14:21,167 - HerokuApp Automation -INFO - Initiating HomePage Constructor.
2025-01-17 17:14:21,884 - HerokuApp Automation -INFO - Broken image validation is correct.
2025-01-17 17:14:21,885 - HerokuApp Automation -INFO - Getting back home.
2025-01-17 17:14:22,244 - HerokuApp Automation -INFO - Initiating HomePage Constructor.
2025-01-17 17:14:22,681 - HerokuApp Automation -INFO - Add Remove Elements Page Header is correct.
2025-01-17 17:14:22,686 - HerokuApp Automation -INFO - Getting back home.
2025-01-17 17:14:23,046 - HerokuApp Automation -INFO - Initiating HomePage Constructor.
2025-01-17 17:14:24,578 - HerokuApp Automation -INFO - Addition of element is correct.
2025-01-17 17:14:24,579 - HerokuApp Automation -INFO - Getting back home.
2025-01-17 17:14:24,930 - HerokuApp Automation -INFO - Initiating HomePage Constructor.
2025-01-17 17:14:35,497 - HerokuApp Automation -INFO - Deletion of element is correct.
2025-01-17 17:14:35,498 - HerokuApp Automation -INFO - Getting back home.
2025-01-17 17:24:44,859 - org.testng.internal.Utils -INFO - [Warning] The regular expression "landingPage" didn't match any method in class herokuApp.testcases.HerokuAppHomePageTest
2025-01-17 17:24:44,969 - org.testng.internal.Utils -INFO - [Utils] MethodGroupsHelper.collectMethodsByGroup() took 13 ms.
2025-01-17 17:24:44,981 - org.testng.internal.Utils -INFO - [Utils] MethodGroupsHelper.sortMethods() took 10 ms.
2025-01-17 17:24:44,982 - org.testng.internal.Utils -INFO - [Utils] MethodGroupsHelper.collectMethodsByGroup() took 0 ms.
2025-01-17 17:24:44,983 - org.testng.internal.Utils -INFO - [Utils] MethodGroupsHelper.sortMethods() took 1 ms.
2025-01-17 17:24:44,983 - org.testng.internal.Utils -INFO - [Utils] MethodGroupsHelper.collectMethodsByGroup() took 0 ms.
2025-01-17 17:24:44,984 - org.testng.internal.Utils -INFO - [Utils] MethodGroupsHelper.sortMethods() took 0 ms.
2025-01-17 17:24:44,984 - org.testng.internal.Utils -INFO - [Utils] MethodGroupsHelper.collectMethodsByGroup() took 0 ms.
2025-01-17 17:24:44,985 - org.testng.internal.Utils -INFO - [Utils] MethodGroupsHelper.sortMethods() took 0 ms.
2025-01-17 17:24:44,985 - org.testng.internal.Utils -INFO - [Utils] MethodGroupsHelper.collectMethodsByGroup() took 0 ms.
2025-01-17 17:24:44,986 - org.testng.internal.Utils -INFO - [Utils] MethodGroupsHelper.sortMethods() took 0 ms.
2025-01-17 17:24:44,986 - org.testng.internal.Utils -INFO - [Utils] MethodGroupsHelper.collectMethodsByGroup() took 0 ms.
2025-01-17 17:24:44,987 - org.testng.internal.Utils -INFO - [Utils] MethodGroupsHelper.sortMethods() took 0 ms.
2025-01-17 17:24:44,987 - org.testng.internal.Utils -INFO - [Utils] MethodGroupsHelper.collectMethodsByGroup() took 0 ms.
2025-01-17 17:24:44,988 - org.testng.internal.Utils -INFO - [Utils] MethodGroupsHelper.sortMethods() took 0 ms.
2025-01-17 17:24:44,988 - org.testng.internal.Utils -INFO - [Utils] MethodGroupsHelper.collectMethodsByGroup() took 0 ms.
2025-01-17 17:24:44,988 - org.testng.internal.Utils -INFO - [Utils] MethodGroupsHelper.sortMethods() took 0 ms.
2025-01-17 17:24:44,992 - org.testng.internal.Utils -INFO - [Utils] MethodGroupsHelper.collectMethodsByGroup() took 0 ms.
2025-01-17 17:24:44,993 - org.testng.internal.Utils -INFO - [Utils] MethodGroupsHelper.sortMethods() took 1 ms.
2025-01-17 17:24:44,994 - org.testng.internal.Utils -INFO - [Utils] MethodGroupsHelper.collectMethodsByGroup() took 0 ms.
2025-01-17 17:24:44,994 - org.testng.internal.Utils -INFO - [Utils] MethodGroupsHelper.sortMethods() took 0 ms.
2025-01-17 17:24:44,998 - org.testng.internal.Utils -INFO - [Utils] MethodGroupsHelper.collectMethodsByGroup() took 0 ms.
2025-01-17 17:24:44,998 - org.testng.internal.Utils -INFO - [Utils] MethodGroupsHelper.sortMethods() took 0 ms.
2025-01-17 17:24:44,999 - org.testng.internal.Utils -INFO - [Utils] MethodGroupsHelper.collectMethodsByGroup() took 0 ms.
2025-01-17 17:24:45,000 - org.testng.internal.Utils -INFO - [Utils] MethodGroupsHelper.sortMethods() took 0 ms.
2025-01-17 17:24:45,001 - org.testng.internal.Utils -INFO - [Utils] MethodGroupsHelper.collectMethodsByGroup() took 0 ms.
2025-01-17 17:24:45,001 - org.testng.internal.Utils -INFO - [Utils] MethodGroupsHelper.sortMethods() took 0 ms.
2025-01-17 17:24:45,001 - org.testng.internal.Utils -INFO - [Utils] MethodGroupsHelper.collectMethodsByGroup() took 0 ms.
2025-01-17 17:24:45,002 - org.testng.internal.Utils -INFO - [Utils] MethodGroupsHelper.sortMethods() took 0 ms.
2025-01-17 17:24:45,002 - org.testng.internal.Utils -INFO - [Utils] MethodGroupsHelper.collectMethodsByGroup() took 0 ms.
2025-01-17 17:24:45,002 - org.testng.internal.Utils -INFO - [Utils] MethodGroupsHelper.sortMethods() took 0 ms.
2025-01-17 17:24:45,003 - org.testng.internal.Utils -INFO - [Utils] MethodGroupsHelper.collectMethodsByGroup() took 0 ms.
2025-01-17 17:24:45,003 - org.testng.internal.Utils -INFO - [Utils] MethodGroupsHelper.sortMethods() took 0 ms.
2025-01-17 17:24:45,004 - org.testng.internal.Utils -INFO - [Utils] MethodGroupsHelper.collectMethodsByGroup() took 0 ms.
2025-01-17 17:24:45,004 - org.testng.internal.Utils -INFO - [Utils] MethodGroupsHelper.sortMethods() took 0 ms.
2025-01-17 17:24:45,005 - org.testng.internal.Utils -INFO - [Utils] MethodGroupsHelper.collectMethodsByGroup() took 0 ms.
2025-01-17 17:24:45,005 - org.testng.internal.Utils -INFO - [Utils] MethodGroupsHelper.sortMethods() took 0 ms.
2025-01-17 17:24:45,006 - org.testng.internal.Utils -INFO - [Utils] MethodGroupsHelper.collectMethodsByGroup() took 0 ms.
2025-01-17 17:24:45,007 - org.testng.internal.Utils -INFO - [Utils] MethodGroupsHelper.sortMethods() took 1 ms.
2025-01-17 17:24:45,008 - org.testng.internal.Utils -INFO - [Utils] MethodGroupsHelper.collectMethodsByGroup() took 0 ms.
2025-01-17 17:24:45,009 - org.testng.internal.Utils -INFO - [Utils] MethodGroupsHelper.sortMethods() took 0 ms.
2025-01-17 17:24:45,012 - org.testng.internal.Utils -INFO - [Utils] MethodGroupsHelper.collectMethodsByGroup() took 0 ms.
2025-01-17 17:24:45,013 - org.testng.internal.Utils -INFO - [Utils] MethodGroupsHelper.sortMethods() took 0 ms.
2025-01-17 17:24:45,015 - org.testng.internal.Utils -INFO - [Utils] MethodGroupsHelper.collectMethodsByGroup() took 0 ms.
2025-01-17 17:24:45,016 - org.testng.internal.Utils -INFO - [Utils] MethodGroupsHelper.sortMethods() took 0 ms.
2025-01-17 17:24:45,016 - org.testng.internal.Utils -INFO - [Utils] MethodGroupsHelper.collectMethodsByGroup() took 0 ms.
2025-01-17 17:24:45,016 - org.testng.internal.Utils -INFO - [Utils] MethodGroupsHelper.sortMethods() took 0 ms.
2025-01-17 17:24:45,017 - org.testng.internal.Utils -INFO - [Utils] MethodGroupsHelper.collectMethodsByGroup() took 0 ms.
2025-01-17 17:24:45,017 - org.testng.internal.Utils -INFO - [Utils] MethodGroupsHelper.sortMethods() took 0 ms.
2025-01-17 17:24:45,018 - org.testng.internal.Utils -INFO - [Utils] MethodGroupsHelper.collectMethodsByGroup() took 0 ms.
2025-01-17 17:24:45,018 - org.testng.internal.Utils -INFO - [Utils] MethodGroupsHelper.sortMethods() took 0 ms.
2025-01-17 17:24:45,019 - org.testng.internal.Utils -INFO - [Utils] MethodGroupsHelper.collectMethodsByGroup() took 0 ms.
2025-01-17 17:24:45,019 - org.testng.internal.Utils -INFO - [Utils] MethodGroupsHelper.sortMethods() took 0 ms.
2025-01-17 17:24:45,021 - org.testng.internal.Utils -INFO - [Utils] MethodGroupsHelper.collectMethodsByGroup() took 0 ms.
2025-01-17 17:24:45,021 - org.testng.internal.Utils -INFO - [Utils] MethodGroupsHelper.sortMethods() took 0 ms.
2025-01-17 17:24:45,022 - org.testng.internal.Utils -INFO - [Utils] MethodGroupsHelper.collectMethodsByGroup() took 0 ms.
2025-01-17 17:24:45,022 - org.testng.internal.Utils -INFO - [Utils] MethodGroupsHelper.sortMethods() took 0 ms.
2025-01-17 17:24:45,023 - org.testng.internal.Utils -INFO - [Utils] MethodGroupsHelper.collectMethodsByGroup() took 0 ms.
2025-01-17 17:24:45,023 - org.testng.internal.Utils -INFO - [Utils] MethodGroupsHelper.sortMethods() took 0 ms.
2025-01-17 17:24:45,024 - org.testng.internal.Utils -INFO - [Utils] MethodGroupsHelper.collectMethodsByGroup() took 0 ms.
2025-01-17 17:24:45,025 - org.testng.internal.Utils -INFO - [Utils] MethodGroupsHelper.sortMethods() took 0 ms.
2025-01-17 17:24:45,027 - org.testng.internal.Utils -INFO - [Utils] MethodGroupsHelper.collectMethodsByGroup() took 0 ms.
2025-01-17 17:24:45,027 - org.testng.internal.Utils -INFO - [Utils] MethodGroupsHelper.sortMethods() took 0 ms.
2025-01-17 17:24:45,028 - org.testng.internal.Utils -INFO - [Utils] MethodGroupsHelper.collectMethodsByGroup() took 0 ms.
2025-01-17 17:24:45,029 - org.testng.internal.Utils -INFO - [Utils] MethodGroupsHelper.sortMethods() took 0 ms.
2025-01-17 17:24:45,030 - org.testng.internal.Utils -INFO - [Utils] MethodGroupsHelper.collectMethodsByGroup() took 0 ms.
2025-01-17 17:24:45,030 - org.testng.internal.Utils -INFO - [Utils] MethodGroupsHelper.sortMethods() took 0 ms.
2025-01-17 17:24:45,031 - org.testng.internal.Utils -INFO - [Utils] MethodGroupsHelper.collectMethodsByGroup() took 0 ms.
2025-01-17 17:24:45,031 - org.testng.internal.Utils -INFO - [Utils] MethodGroupsHelper.sortMethods() took 0 ms.
2025-01-17 17:24:45,031 - org.testng.internal.Utils -INFO - [Utils] MethodGroupsHelper.collectMethodsByGroup() took 0 ms.
2025-01-17 17:24:45,031 - org.testng.internal.Utils -INFO - [Utils] MethodGroupsHelper.sortMethods() took 0 ms.
2025-01-17 17:24:45,032 - org.testng.internal.Utils -INFO - [Utils] MethodGroupsHelper.collectMethodsByGroup() took 0 ms.
2025-01-17 17:24:45,032 - org.testng.internal.Utils -INFO - [Utils] MethodGroupsHelper.sortMethods() took 0 ms.
2025-01-17 17:24:45,032 - org.testng.internal.Utils -INFO - [Utils] MethodGroupsHelper.collectMethodsByGroup() took 0 ms.
2025-01-17 17:24:45,033 - org.testng.internal.Utils -INFO - [Utils] MethodGroupsHelper.sortMethods() took 0 ms.
2025-01-17 17:24:45,033 - org.testng.internal.Utils -INFO - [Utils] MethodGroupsHelper.collectMethodsByGroup() took 0 ms.
2025-01-17 17:24:45,033 - org.testng.internal.Utils -INFO - [Utils] MethodGroupsHelper.sortMethods() took 0 ms.
2025-01-17 17:24:45,034 - org.testng.internal.Utils -INFO - [Utils] MethodGroupsHelper.collectMethodsByGroup() took 0 ms.
2025-01-17 17:24:45,034 - org.testng.internal.Utils -INFO - [Utils] MethodGroupsHelper.sortMethods() took 0 ms.
2025-01-17 17:24:45,035 - org.testng.internal.Utils -INFO - [Utils] MethodGroupsHelper.collectMethodsByGroup() took 0 ms.
2025-01-17 17:24:45,036 - org.testng.internal.Utils -INFO - [Utils] MethodGroupsHelper.sortMethods() took 0 ms.
2025-01-17 17:24:45,039 - org.testng.internal.Utils -INFO - [Utils] MethodGroupsHelper.collectMethodsByGroup() took 0 ms.
2025-01-17 17:24:45,040 - org.testng.internal.Utils -INFO - [Utils] MethodGroupsHelper.sortMethods() took 0 ms.
2025-01-17 17:24:45,041 - org.testng.internal.Utils -INFO - [Utils] MethodGroupsHelper.collectMethodsByGroup() took 0 ms.
2025-01-17 17:24:45,041 - org.testng.internal.Utils -INFO - [Utils] MethodGroupsHelper.sortMethods() took 0 ms.
2025-01-17 17:24:45,042 - org.testng.internal.Utils -INFO - [Utils] MethodGroupsHelper.collectMethodsByGroup() took 0 ms.
2025-01-17 17:24:45,042 - org.testng.internal.Utils -INFO - [Utils] MethodGroupsHelper.sortMethods() took 0 ms.
2025-01-17 17:24:45,042 - org.testng.internal.Utils -INFO - [Utils] MethodGroupsHelper.collectMethodsByGroup() took 0 ms.
2025-01-17 17:24:45,042 - org.testng.internal.Utils -INFO - [Utils] MethodGroupsHelper.sortMethods() took 0 ms.
2025-01-17 17:24:45,043 - org.testng.internal.Utils -INFO - [Utils] MethodGroupsHelper.collectMethodsByGroup() took 0 ms.
2025-01-17 17:24:45,044 - org.testng.internal.Utils -INFO - [Utils] MethodGroupsHelper.sortMethods() took 0 ms.
2025-01-17 17:24:45,044 - org.testng.internal.Utils -INFO - [Utils] MethodGroupsHelper.collectMethodsByGroup() took 0 ms.
2025-01-17 17:24:45,044 - org.testng.internal.Utils -INFO - [Utils] MethodGroupsHelper.sortMethods() took 0 ms.
2025-01-17 17:24:45,045 - org.testng.internal.Utils -INFO - [Utils] MethodGroupsHelper.collectMethodsByGroup() took 0 ms.
2025-01-17 17:24:45,045 - org.testng.internal.Utils -INFO - [Utils] MethodGroupsHelper.sortMethods() took 0 ms.
2025-01-17 17:24:45,045 - org.testng.internal.Utils -INFO - [Utils] MethodGroupsHelper.collectMethodsByGroup() took 0 ms.
2025-01-17 17:24:45,046 - org.testng.internal.Utils -INFO - [Utils] MethodGroupsHelper.sortMethods() took 0 ms.
2025-01-17 17:24:45,047 - org.testng.internal.Utils -INFO - [Utils] MethodGroupsHelper.collectMethodsByGroup() took 0 ms.
2025-01-17 17:24:45,048 - org.testng.internal.Utils -INFO - [Utils] MethodGroupsHelper.sortMethods() took 0 ms.
2025-01-17 17:24:45,049 - org.testng.internal.Utils -INFO - [Utils] MethodGroupsHelper.collectMethodsByGroup() took 0 ms.
2025-01-17 17:24:45,049 - org.testng.internal.Utils -INFO - [Utils] MethodGroupsHelper.sortMethods() took 0 ms.
2025-01-17 17:24:45,053 - org.testng.internal.Utils -INFO - [Utils] MethodGroupsHelper.collectMethodsByGroup() took 0 ms.
2025-01-17 17:24:45,054 - org.testng.internal.Utils -INFO - [Utils] MethodGroupsHelper.sortMethods() took 1 ms.
2025-01-17 17:24:45,054 - org.testng.internal.Utils -INFO - [Utils] MethodGroupsHelper.collectMethodsByGroup() took 0 ms.
2025-01-17 17:24:45,054 - org.testng.internal.Utils -INFO - [Utils] MethodGroupsHelper.sortMethods() took 0 ms.
2025-01-17 17:24:45,056 - org.testng.internal.Utils -INFO - [Utils] MethodGroupsHelper.collectMethodsByGroup() took 0 ms.
2025-01-17 17:24:45,063 - org.testng.internal.Utils -INFO - [Utils] MethodGroupsHelper.sortMethods() took 7 ms.
2025-01-17 17:24:45,065 - org.testng.internal.Utils -INFO - [Utils] MethodGroupsHelper.collectMethodsByGroup() took 0 ms.
2025-01-17 17:24:45,065 - org.testng.internal.Utils -INFO - [Utils] MethodGroupsHelper.sortMethods() took 0 ms.
2025-01-17 17:24:45,068 - org.testng.internal.Utils -INFO - [Utils] MethodGroupsHelper.collectMethodsByGroup() took 3 ms.
2025-01-17 17:24:45,069 - org.testng.internal.Utils -INFO - [Utils] MethodGroupsHelper.sortMethods() took 1 ms.
2025-01-17 17:24:45,094 - org.testng.internal.Utils -INFO - [TestNG] Running:
  D:\Manish\IntelliJProjects\tests\The-Heroku-App-Selenium\testng.xml

2025-01-17 17:24:45,571 - HerokuApp Automation -INFO - Starting the application....
2025-01-17 17:24:53,940 - org.testng.internal.Utils -INFO - [Utils] DynamicGraphHelper.createDynamicGraph() took 2 ms.
2025-01-17 17:24:53,974 - HerokuApp Automation -INFO - Initiating HomePage Constructor.
2025-01-17 17:24:54,398 - HerokuApp Automation -INFO - AB Testing Page URL is correct.
2025-01-17 17:24:54,421 - HerokuApp Automation -INFO - Getting back home.
2025-01-17 17:24:54,763 - HerokuApp Automation -INFO - Initiating HomePage Constructor.
2025-01-17 17:24:55,197 - HerokuApp Automation -INFO - AB Testing Page Header is correct.
2025-01-17 17:24:55,198 - HerokuApp Automation -INFO - Getting back home.
2025-01-17 17:24:55,543 - HerokuApp Automation -INFO - Initiating HomePage Constructor.
2025-01-17 17:24:55,954 - HerokuApp Automation -INFO - AB Testing Page Message is correct.
2025-01-17 17:24:55,956 - HerokuApp Automation -INFO - Getting back home.
2025-01-17 17:24:56,308 - HerokuApp Automation -INFO - Initiating HomePage Constructor.
2025-01-17 17:24:56,748 - HerokuApp Automation -INFO - Add Remove Elements Page Header is correct.
2025-01-17 17:24:56,753 - HerokuApp Automation -INFO - Getting back home.
2025-01-17 17:24:57,098 - HerokuApp Automation -INFO - Initiating HomePage Constructor.
2025-01-17 17:24:58,614 - HerokuApp Automation -INFO - Addition of element is correct.
2025-01-17 17:24:58,615 - HerokuApp Automation -INFO - Getting back home.
2025-01-17 17:24:58,961 - HerokuApp Automation -INFO - Initiating HomePage Constructor.
2025-01-17 17:25:09,528 - HerokuApp Automation -INFO - Deletion of element is correct.
2025-01-17 17:25:09,529 - HerokuApp Automation -INFO - Getting back home.
2025-01-17 17:25:09,881 - HerokuApp Automation -INFO - Initiating HomePage Constructor.
2025-01-17 17:25:10,978 - HerokuApp Automation -INFO - Basic Auth Page login is correct.
2025-01-17 17:25:10,979 - HerokuApp Automation -INFO - Getting back home.
2025-01-17 17:25:11,338 - HerokuApp Automation -INFO - Initiating HomePage Constructor.
2025-01-17 17:25:12,062 - HerokuApp Automation -INFO - Broken image validation is correct.
2025-01-17 17:25:12,063 - HerokuApp Automation -INFO - Getting back home.
2025-01-17 17:25:12,408 - HerokuApp Automation -INFO - Initiating HomePage Constructor.
2025-01-17 17:25:12,419 - HerokuApp Automation -INFO - Page Title Is Correct.
2025-01-17 17:25:12,425 - HerokuApp Automation -INFO - Initiating HomePage Constructor.
2025-01-17 17:25:12,446 - HerokuApp Automation -INFO - Page Header Is Correct.
2025-01-17 17:25:13,342 - org.testng.internal.Utils -INFO - [TestNG] Time taken by org.testng.internal.ExitCodeListener@345d053b: 0 ms
2025-01-18 17:36:10,072 - org.testng.internal.Utils -INFO - [TestNG] Running:
  C:\Users\Manish Jain\AppData\Local\JetBrains\IdeaIC2024.3\temp-testng-customsuite.xml

2025-01-18 17:36:11,064 - HerokuApp Automation -INFO - Starting the application....
2025-01-18 17:36:20,510 - HerokuApp Automation -INFO - Initiating HomePage Constructor.
2025-01-18 17:37:09,410 - org.testng.internal.Utils -INFO - [TestNG] Running:
  C:\Users\Manish Jain\AppData\Local\JetBrains\IdeaIC2024.3\temp-testng-customsuite.xml

2025-01-18 17:37:09,918 - HerokuApp Automation -INFO - Starting the application....
2025-01-18 17:37:16,472 - HerokuApp Automation -INFO - Initiating HomePage Constructor.
2025-01-18 17:44:12,148 - org.testng.internal.Utils -INFO - [TestNG] Running:
  C:\Users\Manish Jain\AppData\Local\JetBrains\IdeaIC2024.3\temp-testng-customsuite.xml

2025-01-18 17:44:12,647 - HerokuApp Automation -INFO - Starting the application....
2025-01-18 17:44:20,958 - HerokuApp Automation -INFO - Initiating HomePage Constructor.
2025-01-18 18:10:21,672 - org.testng.internal.Utils -INFO - [TestNG] Running:
  C:\Users\Manish Jain\AppData\Local\JetBrains\IdeaIC2024.3\temp-testng-customsuite.xml

2025-01-18 18:10:22,185 - HerokuApp Automation -INFO - Starting the application....
2025-01-18 18:10:28,515 - HerokuApp Automation -INFO - Initiating HomePage Constructor.
2025-01-18 18:22:46,786 - org.testng.internal.Utils -INFO - [TestNG] Running:
  C:\Users\Manish Jain\AppData\Local\JetBrains\IdeaIC2024.3\temp-testng-customsuite.xml

2025-01-18 18:22:47,293 - HerokuApp Automation -INFO - Starting the application....
2025-01-18 18:22:55,201 - HerokuApp Automation -INFO - Initiating HomePage Constructor.
2025-01-18 18:27:55,232 - org.testng.internal.Utils -INFO - [TestNG] Running:
  C:\Users\Manish Jain\AppData\Local\JetBrains\IdeaIC2024.3\temp-testng-customsuite.xml

2025-01-18 18:27:55,763 - HerokuApp Automation -INFO - Starting the application....
2025-01-18 18:28:02,807 - HerokuApp Automation -INFO - Initiating HomePage Constructor.
2025-01-18 18:48:31,283 - org.testng.internal.Utils -INFO - [TestNG] Running:
  C:\Users\Manish Jain\AppData\Local\JetBrains\IdeaIC2024.3\temp-testng-customsuite.xml

2025-01-18 18:48:31,807 - HerokuApp Automation -INFO - Starting the application....
2025-01-18 18:48:35,845 - HerokuApp Automation -INFO - Initiating HomePage Constructor.
2025-01-18 18:48:44,991 - HerokuApp Automation -INFO - Getting back home.
2025-01-18 18:48:59,236 - org.testng.internal.Utils -INFO - [TestNG] Running:
  C:\Users\Manish Jain\AppData\Local\JetBrains\IdeaIC2024.3\temp-testng-customsuite.xml

2025-01-18 18:48:59,764 - HerokuApp Automation -INFO - Starting the application....
2025-01-18 18:49:05,948 - HerokuApp Automation -INFO - Initiating HomePage Constructor.
2025-01-18 18:49:06,611 - HerokuApp Automation -INFO - Getting back home.
2025-01-18 18:56:38,862 - org.testng.internal.Utils -INFO - [TestNG] Running:
  C:\Users\Manish Jain\AppData\Local\JetBrains\IdeaIC2024.3\temp-testng-customsuite.xml

2025-01-18 18:56:39,416 - HerokuApp Automation -INFO - Starting the application....
2025-01-18 18:56:45,710 - HerokuApp Automation -INFO - Initiating HomePage Constructor.
2025-01-18 18:56:46,380 - HerokuApp Automation -INFO - Check Box validation passed.
2025-01-18 18:56:46,383 - HerokuApp Automation -INFO - Getting back home.
2025-01-18 19:14:23,545 - org.testng.internal.Utils -INFO - [TestNG] Running:
  C:\Users\Manish Jain\AppData\Local\JetBrains\IdeaIC2024.3\temp-testng-customsuite.xml

2025-01-18 19:14:24,001 - HerokuApp Automation -INFO - Starting the application....
2025-01-18 19:14:30,290 - HerokuApp Automation -INFO - Initiating HomePage Constructor.
2025-01-18 19:14:32,910 - HerokuApp Automation -INFO - Getting back home.
2025-01-18 19:22:02,938 - org.testng.internal.Utils -INFO - [TestNG] Running:
  C:\Users\Manish Jain\AppData\Local\JetBrains\IdeaIC2024.3\temp-testng-customsuite.xml

2025-01-18 19:22:03,380 - HerokuApp Automation -INFO - Starting the application....
2025-01-18 19:22:09,891 - HerokuApp Automation -INFO - Initiating HomePage Constructor.
2025-01-18 19:22:12,481 - HerokuApp Automation -INFO - Context Menu validation passed.
2025-01-18 19:22:12,486 - HerokuApp Automation -INFO - Getting back home.
2025-01-18 19:36:42,556 - org.testng.internal.Utils -INFO - [TestNG] Running:
  C:\Users\Manish Jain\AppData\Local\JetBrains\IdeaIC2024.3\temp-testng-customsuite.xml

2025-01-18 19:36:42,994 - HerokuApp Automation -INFO - Starting the application....
2025-01-18 19:36:49,132 - HerokuApp Automation -INFO - Initiating HomePage Constructor.
2025-01-18 19:36:50,302 - HerokuApp Automation -INFO - Digest Auth Page login is correct.
2025-01-18 19:36:50,305 - HerokuApp Automation -INFO - Getting back home.
2025-01-20 16:32:37,999 - org.testng.internal.Utils -INFO - [TestNG] Running:
  C:\Users\Manish Jain\AppData\Local\JetBrains\IdeaIC2024.3\temp-testng-customsuite.xml

2025-01-20 16:32:39,491 - HerokuApp Automation -INFO - Starting the application....
2025-01-20 16:32:43,862 - HerokuApp Automation -INFO - Initiating HomePage Constructor.
2025-01-20 16:32:46,826 - HerokuApp Automation -INFO - Getting back home.
2025-01-20 16:33:05,331 - org.testng.internal.Utils -INFO - [TestNG] Running:
  C:\Users\Manish Jain\AppData\Local\JetBrains\IdeaIC2024.3\temp-testng-customsuite.xml

2025-01-20 16:33:05,974 - HerokuApp Automation -INFO - Starting the application....
2025-01-20 16:33:12,458 - HerokuApp Automation -INFO - Initiating HomePage Constructor.
2025-01-20 16:33:12,933 - HerokuApp Automation -INFO - Getting back home.
2025-01-20 16:34:55,819 - org.testng.internal.Utils -INFO - [TestNG] Running:
  C:\Users\Manish Jain\AppData\Local\JetBrains\IdeaIC2024.3\temp-testng-customsuite.xml

2025-01-20 16:34:56,341 - HerokuApp Automation -INFO - Starting the application....
2025-01-20 16:35:02,440 - HerokuApp Automation -INFO - Initiating HomePage Constructor.
2025-01-20 16:35:02,959 - HerokuApp Automation -INFO - Getting back home.
2025-01-20 16:41:57,488 - org.testng.internal.Utils -INFO - [TestNG] Running:
  C:\Users\Manish Jain\AppData\Local\JetBrains\IdeaIC2024.3\temp-testng-customsuite.xml

2025-01-20 16:41:58,018 - HerokuApp Automation -INFO - Starting the application....
2025-01-20 16:42:03,458 - HerokuApp Automation -INFO - Initiating HomePage Constructor.
2025-01-20 16:42:04,035 - HerokuApp Automation -INFO - All buttons presence validation passed.
2025-01-20 16:42:04,040 - HerokuApp Automation -INFO - Getting back home.
2025-01-20 16:46:25,518 - org.testng.internal.Utils -INFO - [TestNG] Running:
  C:\Users\Manish Jain\AppData\Local\JetBrains\IdeaIC2024.3\temp-testng-customsuite.xml

2025-01-20 16:46:26,157 - HerokuApp Automation -INFO - Starting the application....
2025-01-20 16:46:31,567 - HerokuApp Automation -INFO - Initiating HomePage Constructor.
2025-01-20 16:46:49,038 - HerokuApp Automation -INFO - Gallery button absence validation failed.
2025-01-20 16:46:49,093 - HerokuApp Automation -INFO - Getting back home.
2025-01-20 16:48:05,611 - org.testng.internal.Utils -INFO - [TestNG] Running:
  C:\Users\Manish Jain\AppData\Local\JetBrains\IdeaIC2024.3\temp-testng-customsuite.xml

2025-01-20 16:48:06,207 - HerokuApp Automation -INFO - Starting the application....
2025-01-20 16:48:13,928 - HerokuApp Automation -INFO - Initiating HomePage Constructor.
2025-01-20 16:48:28,148 - HerokuApp Automation -INFO - Gallery button absence validation failed.
2025-01-20 16:48:28,166 - HerokuApp Automation -INFO - Getting back home.
2025-01-20 16:49:40,088 - org.testng.internal.Utils -INFO - [TestNG] Running:
  C:\Users\Manish Jain\AppData\Local\JetBrains\IdeaIC2024.3\temp-testng-customsuite.xml

2025-01-20 16:49:40,699 - HerokuApp Automation -INFO - Starting the application....
2025-01-20 16:49:48,280 - HerokuApp Automation -INFO - Initiating HomePage Constructor.
2025-01-20 16:50:08,152 - HerokuApp Automation -INFO - Gallery button absence validation failed.
2025-01-20 16:50:08,166 - HerokuApp Automation -INFO - Getting back home.
2025-01-20 17:06:46,341 - org.testng.internal.Utils -INFO - [TestNG] Running:
  C:\Users\Manish Jain\AppData\Local\JetBrains\IdeaIC2024.3\temp-testng-customsuite.xml

2025-01-20 17:06:46,799 - HerokuApp Automation -INFO - Starting the application....
2025-01-20 17:06:51,895 - HerokuApp Automation -INFO - Initiating HomePage Constructor.
2025-01-20 17:07:02,397 - HerokuApp Automation -INFO - Gallery button validation failed.
2025-01-20 17:07:02,406 - HerokuApp Automation -INFO - Getting back home.
2025-01-20 17:08:26,130 - org.testng.internal.Utils -INFO - [TestNG] Running:
  C:\Users\Manish Jain\AppData\Local\JetBrains\IdeaIC2024.3\temp-testng-customsuite.xml

2025-01-20 17:08:26,569 - HerokuApp Automation -INFO - Starting the application....
2025-01-20 17:08:32,756 - HerokuApp Automation -INFO - Initiating HomePage Constructor.
2025-01-20 17:08:33,234 - HerokuApp Automation -INFO - Gallery button validation passed.
2025-01-20 17:08:33,237 - HerokuApp Automation -INFO - Getting back home.
2025-01-20 17:08:41,276 - org.testng.internal.Utils -INFO - [TestNG] Running:
  C:\Users\Manish Jain\AppData\Local\JetBrains\IdeaIC2024.3\temp-testng-customsuite.xml

2025-01-20 17:08:41,721 - HerokuApp Automation -INFO - Starting the application....
2025-01-20 17:08:46,647 - HerokuApp Automation -INFO - Initiating HomePage Constructor.
2025-01-20 17:08:47,119 - HerokuApp Automation -INFO - Gallery button validation passed.
2025-01-20 17:08:47,121 - HerokuApp Automation -INFO - Getting back home.
2025-01-20 17:08:54,803 - org.testng.internal.Utils -INFO - [TestNG] Running:
  C:\Users\Manish Jain\AppData\Local\JetBrains\IdeaIC2024.3\temp-testng-customsuite.xml

2025-01-20 17:08:55,250 - HerokuApp Automation -INFO - Starting the application....
2025-01-20 17:09:01,337 - HerokuApp Automation -INFO - Initiating HomePage Constructor.
2025-01-20 17:09:01,847 - HerokuApp Automation -INFO - All buttons presence validation passed.
2025-01-20 17:09:01,850 - HerokuApp Automation -INFO - Getting back home.
2025-01-20 17:09:02,196 - HerokuApp Automation -INFO - Initiating HomePage Constructor.
2025-01-20 17:09:02,614 - HerokuApp Automation -INFO - Gallery button validation passed.
2025-01-20 17:09:02,615 - HerokuApp Automation -INFO - Getting back home.
2025-01-20 17:23:18,942 - org.testng.internal.Utils -INFO - [TestNG] Running:
  C:\Users\Manish Jain\AppData\Local\JetBrains\IdeaIC2024.3\temp-testng-customsuite.xml

2025-01-20 17:23:19,379 - HerokuApp Automation -INFO - Starting the application....
2025-01-20 17:23:25,457 - HerokuApp Automation -INFO - Initiating HomePage Constructor.
2025-01-20 17:23:26,217 - HerokuApp Automation -INFO - Drag and drop validation passed.
2025-01-20 17:23:26,219 - HerokuApp Automation -INFO - Getting back home.
2025-01-20 17:26:39,105 - org.testng.internal.Utils -INFO - [TestNG] Running:
  C:\Users\Manish Jain\AppData\Local\JetBrains\IdeaIC2024.3\temp-testng-customsuite.xml

2025-01-20 17:26:39,549 - HerokuApp Automation -INFO - Starting the application....
2025-01-20 17:26:46,204 - HerokuApp Automation -INFO - Initiating HomePage Constructor.
2025-01-20 17:26:46,993 - HerokuApp Automation -INFO - Drag and drop validation passed.
2025-01-20 17:26:46,995 - HerokuApp Automation -INFO - Getting back home.
2025-01-20 17:42:29,690 - org.testng.internal.Utils -INFO - [TestNG] Running:
  C:\Users\Manish Jain\AppData\Local\JetBrains\IdeaIC2024.3\temp-testng-customsuite.xml

2025-01-20 17:42:30,584 - HerokuApp Automation -INFO - Starting the application....
2025-01-20 17:42:37,789 - HerokuApp Automation -INFO - Initiating HomePage Constructor.
2025-01-20 17:42:38,623 - HerokuApp Automation -INFO - Drag and drop validation passed.
2025-01-20 17:42:38,626 - HerokuApp Automation -INFO - Getting back home.
2025-01-20 17:51:15,489 - org.testng.internal.Utils -INFO - [TestNG] Running:
  C:\Users\Manish Jain\AppData\Local\JetBrains\IdeaIC2024.3\temp-testng-customsuite.xml

2025-01-20 17:51:15,946 - HerokuApp Automation -INFO - Starting the application....
2025-01-20 17:51:22,440 - HerokuApp Automation -INFO - Initiating HomePage Constructor.
2025-01-20 17:51:32,956 - HerokuApp Automation -INFO - Gallery button validation failed.
2025-01-20 17:51:32,973 - HerokuApp Automation -INFO - Getting back home.
2025-01-20 17:52:08,350 - org.testng.internal.Utils -INFO - [TestNG] Running:
  C:\Users\Manish Jain\AppData\Local\JetBrains\IdeaIC2024.3\temp-testng-customsuite.xml

2025-01-20 17:52:08,820 - HerokuApp Automation -INFO - Starting the application....
2025-01-20 17:52:14,923 - HerokuApp Automation -INFO - Initiating HomePage Constructor.
2025-01-20 17:52:15,368 - HerokuApp Automation -INFO - Initial first element's header is A
2025-01-20 17:52:15,660 - HerokuApp Automation -INFO - After dragging and dropping the element header is B
2025-01-20 17:52:15,676 - HerokuApp Automation -INFO - Drag and drop validation passed.
2025-01-20 17:52:15,680 - HerokuApp Automation -INFO - Getting back home.
2025-01-20 18:05:40,774 - org.testng.internal.Utils -INFO - [TestNG] Running:
  C:\Users\Manish Jain\AppData\Local\JetBrains\IdeaIC2024.3\temp-testng-customsuite.xml

2025-01-20 18:05:41,210 - HerokuApp Automation -INFO - Starting the application....
2025-01-20 18:05:47,050 - HerokuApp Automation -INFO - Initiating HomePage Constructor.
2025-01-20 18:05:47,732 - HerokuApp Automation -INFO - Dropdown validation passed.
2025-01-20 18:05:47,735 - HerokuApp Automation -INFO - Getting back home.
2025-01-20 18:08:07,899 - org.testng.internal.Utils -INFO - [TestNG] Running:
  C:\Users\Manish Jain\AppData\Local\JetBrains\IdeaIC2024.3\temp-testng-customsuite.xml

2025-01-20 18:08:08,348 - HerokuApp Automation -INFO - Starting the application....
2025-01-20 18:08:15,013 - HerokuApp Automation -INFO - Initiating HomePage Constructor.
2025-01-20 18:08:15,704 - HerokuApp Automation -INFO - Selected option from dropdown list is Option 1
2025-01-20 18:08:15,740 - HerokuApp Automation -INFO - Dropdown validation passed.
2025-01-20 18:08:15,743 - HerokuApp Automation -INFO - Getting back home.
2025-01-20 18:31:01,049 - org.testng.internal.Utils -INFO - [TestNG] Running:
  C:\Users\Manish Jain\AppData\Local\JetBrains\IdeaIC2024.3\temp-testng-customsuite.xml

2025-01-20 18:31:01,551 - HerokuApp Automation -INFO - Starting the application....
2025-01-20 18:31:07,723 - HerokuApp Automation -INFO - Initiating HomePage Constructor.
2025-01-20 18:31:09,602 - HerokuApp Automation -INFO - Dynamic content validation passed.
2025-01-20 18:31:09,605 - HerokuApp Automation -INFO - Getting back home.
2025-01-20 22:27:40,909 - org.testng.internal.Utils -INFO - [TestNG] Running:
  C:\Users\Manish Jain\AppData\Local\JetBrains\IdeaIC2024.3\temp-testng-customsuite.xml

2025-01-20 22:27:41,736 - HerokuApp Automation -INFO - Starting the application....
2025-01-20 22:27:48,777 - HerokuApp Automation -INFO - Initiating HomePage Constructor.
2025-01-20 22:27:50,333 - HerokuApp Automation -INFO - Content did not change.
2025-01-20 22:27:50,334 - HerokuApp Automation -INFO - Dynamic content validation passed.
2025-01-20 22:27:50,338 - HerokuApp Automation -INFO - Getting back home.
2025-01-21 18:29:24,047 - org.testng.internal.Utils -INFO - [TestNG] Running:
  C:\Users\Manish Jain\AppData\Local\JetBrains\IdeaIC2024.3\temp-testng-customsuite.xml

2025-01-21 18:29:24,908 - HerokuApp Automation -INFO - Starting the application....
2025-01-21 18:29:36,493 - HerokuApp Automation -INFO - Initiating HomePage Constructor.
2025-01-21 18:29:37,681 - HerokuApp Automation -INFO - Dynamic controls validation failed.
2025-01-21 18:29:37,709 - HerokuApp Automation -INFO - Getting back home.
2025-01-21 18:38:25,031 - org.testng.internal.Utils -INFO - [TestNG] Running:
  C:\Users\Manish Jain\AppData\Local\JetBrains\IdeaIC2024.3\temp-testng-customsuite.xml

2025-01-21 18:38:25,492 - HerokuApp Automation -INFO - Starting the application....
2025-01-21 18:38:32,743 - HerokuApp Automation -INFO - Initiating HomePage Constructor.
2025-01-21 18:38:33,871 - HerokuApp Automation -INFO - Dynamic control validation passed.
2025-01-21 18:38:33,873 - HerokuApp Automation -INFO - Getting back home.
2025-01-21 18:50:11,580 - org.testng.internal.Utils -INFO - [TestNG] Running:
  C:\Users\Manish Jain\AppData\Local\JetBrains\IdeaIC2024.3\temp-testng-customsuite.xml

2025-01-21 18:50:12,131 - HerokuApp Automation -INFO - Starting the application....
2025-01-21 18:50:18,368 - HerokuApp Automation -INFO - Initiating HomePage Constructor.
2025-01-21 18:50:21,414 - HerokuApp Automation -INFO - Dynamic controls validation failed.
2025-01-21 18:50:21,422 - HerokuApp Automation -INFO - Getting back home.
2025-01-21 18:54:07,000 - org.testng.internal.Utils -INFO - [TestNG] Running:
  C:\Users\Manish Jain\AppData\Local\JetBrains\IdeaIC2024.3\temp-testng-customsuite.xml

2025-01-21 18:54:07,464 - HerokuApp Automation -INFO - Starting the application....
2025-01-21 18:54:13,931 - HerokuApp Automation -INFO - Initiating HomePage Constructor.
2025-01-21 18:54:27,742 - HerokuApp Automation -INFO - Dynamic controls validation failed.
2025-01-21 18:54:27,750 - HerokuApp Automation -INFO - Getting back home.
2025-01-21 18:55:57,944 - org.testng.internal.Utils -INFO - [TestNG] Running:
  C:\Users\Manish Jain\AppData\Local\JetBrains\IdeaIC2024.3\temp-testng-customsuite.xml

2025-01-21 18:55:58,386 - HerokuApp Automation -INFO - Starting the application....
2025-01-21 18:56:02,192 - HerokuApp Automation -INFO - Initiating HomePage Constructor.
2025-01-21 18:56:11,747 - HerokuApp Automation -INFO - Dynamic controls validation failed.
2025-01-21 18:56:11,756 - HerokuApp Automation -INFO - Getting back home.
2025-01-21 18:57:14,994 - org.testng.internal.Utils -INFO - [TestNG] Running:
  C:\Users\Manish Jain\AppData\Local\JetBrains\IdeaIC2024.3\temp-testng-customsuite.xml

2025-01-21 18:57:15,473 - HerokuApp Automation -INFO - Starting the application....
2025-01-21 18:57:21,357 - HerokuApp Automation -INFO - Initiating HomePage Constructor.
2025-01-21 18:57:25,135 - HerokuApp Automation -INFO - Dynamic control validation passed.
2025-01-21 18:57:25,138 - HerokuApp Automation -INFO - Getting back home.
2025-01-21 18:58:05,713 - org.testng.internal.Utils -INFO - [TestNG] Running:
  C:\Users\Manish Jain\AppData\Local\JetBrains\IdeaIC2024.3\temp-testng-customsuite.xml

2025-01-21 18:58:06,214 - HerokuApp Automation -INFO - Starting the application....
2025-01-21 18:58:11,747 - HerokuApp Automation -INFO - Initiating HomePage Constructor.
2025-01-21 18:58:16,869 - HerokuApp Automation -INFO - Dynamic control validation passed.
2025-01-21 18:58:16,873 - HerokuApp Automation -INFO - Getting back home.
2025-01-21 18:58:48,515 - org.testng.internal.Utils -INFO - [TestNG] Running:
  C:\Users\Manish Jain\AppData\Local\JetBrains\IdeaIC2024.3\temp-testng-customsuite.xml

2025-01-21 18:58:48,974 - HerokuApp Automation -INFO - Starting the application....
2025-01-21 18:58:54,855 - HerokuApp Automation -INFO - Initiating HomePage Constructor.
2025-01-21 18:59:01,196 - HerokuApp Automation -INFO - Dynamic controls validation failed.
2025-01-21 18:59:01,204 - HerokuApp Automation -INFO - Getting back home.
2025-01-21 18:59:52,898 - org.testng.internal.Utils -INFO - [TestNG] Running:
  C:\Users\Manish Jain\AppData\Local\JetBrains\IdeaIC2024.3\temp-testng-customsuite.xml

2025-01-21 18:59:53,341 - HerokuApp Automation -INFO - Starting the application....
2025-01-21 18:59:59,841 - HerokuApp Automation -INFO - Initiating HomePage Constructor.
2025-01-21 19:00:05,803 - HerokuApp Automation -INFO - Dynamic controls validation failed.
2025-01-21 19:00:05,811 - HerokuApp Automation -INFO - Getting back home.
2025-01-21 19:00:44,407 - org.testng.internal.Utils -INFO - [TestNG] Running:
  C:\Users\Manish Jain\AppData\Local\JetBrains\IdeaIC2024.3\temp-testng-customsuite.xml

2025-01-21 19:00:44,849 - HerokuApp Automation -INFO - Starting the application....
2025-01-21 19:00:51,558 - HerokuApp Automation -INFO - Initiating HomePage Constructor.
2025-01-21 19:00:58,592 - HerokuApp Automation -INFO - Dynamic control validation passed.
2025-01-21 19:00:58,595 - HerokuApp Automation -INFO - Getting back home.
2025-01-21 19:01:48,730 - org.testng.internal.Utils -INFO - [TestNG] Running:
  C:\Users\Manish Jain\AppData\Local\JetBrains\IdeaIC2024.3\temp-testng-customsuite.xml

2025-01-21 19:01:49,560 - HerokuApp Automation -INFO - Starting the application....
2025-01-21 19:01:58,413 - HerokuApp Automation -INFO - Initiating HomePage Constructor.
2025-01-21 19:02:15,527 - HerokuApp Automation -INFO - Dynamic controls validation failed.
2025-01-21 19:02:15,537 - HerokuApp Automation -INFO - Getting back home.
2025-01-21 20:23:37,209 - org.testng.internal.Utils -INFO - [TestNG] Running:
  C:\Users\Manish Jain\AppData\Local\JetBrains\IdeaIC2024.3\temp-testng-customsuite.xml

2025-01-21 20:23:37,708 - HerokuApp Automation -INFO - Starting the application....
2025-01-21 20:23:43,936 - HerokuApp Automation -INFO - Initiating HomePage Constructor.
2025-01-21 20:23:52,835 - HerokuApp Automation -INFO - Dynamic Loading validation failed.
2025-01-21 20:23:52,921 - HerokuApp Automation -INFO - Getting back home.
2025-01-21 20:24:20,112 - org.testng.internal.Utils -INFO - [TestNG] Running:
  C:\Users\Manish Jain\AppData\Local\JetBrains\IdeaIC2024.3\temp-testng-customsuite.xml

2025-01-21 20:24:20,613 - HerokuApp Automation -INFO - Starting the application....
2025-01-21 20:24:26,867 - HerokuApp Automation -INFO - Initiating HomePage Constructor.
2025-01-21 20:24:27,929 - HerokuApp Automation -INFO - Getting back home.
2025-01-21 20:25:29,208 - org.testng.internal.Utils -INFO - [TestNG] Running:
  C:\Users\Manish Jain\AppData\Local\JetBrains\IdeaIC2024.3\temp-testng-customsuite.xml

2025-01-21 20:25:29,723 - HerokuApp Automation -INFO - Starting the application....
2025-01-21 20:25:33,778 - HerokuApp Automation -INFO - Initiating HomePage Constructor.
2025-01-21 20:25:40,055 - HerokuApp Automation -INFO - Getting back home.
2025-01-21 20:26:35,339 - org.testng.internal.Utils -INFO - [TestNG] Running:
  C:\Users\Manish Jain\AppData\Local\JetBrains\IdeaIC2024.3\temp-testng-customsuite.xml

2025-01-21 20:26:35,832 - HerokuApp Automation -INFO - Starting the application....
2025-01-21 20:26:42,178 - HerokuApp Automation -INFO - Initiating HomePage Constructor.
2025-01-21 20:26:48,525 - HerokuApp Automation -INFO - Dynamic Loading validation passed.
2025-01-21 20:26:48,527 - HerokuApp Automation -INFO - Getting back home.
2025-01-21 20:33:48,422 - org.testng.internal.Utils -INFO - [TestNG] Running:
  C:\Users\Manish Jain\AppData\Local\JetBrains\IdeaIC2024.3\temp-testng-customsuite.xml

2025-01-21 20:33:48,907 - HerokuApp Automation -INFO - Starting the application....
2025-01-21 20:34:03,154 - HerokuApp Automation -INFO - Initiating HomePage Constructor.
2025-01-21 20:34:15,466 - HerokuApp Automation -INFO - Dynamic Loading validation passed.
2025-01-21 20:34:15,468 - HerokuApp Automation -INFO - Getting back home.
2025-01-21 20:57:20,826 - org.testng.internal.Utils -INFO - [TestNG] Running:
  C:\Users\Manish Jain\AppData\Local\JetBrains\IdeaIC2024.3\temp-testng-customsuite.xml

2025-01-21 20:57:21,318 - HerokuApp Automation -INFO - Starting the application....
2025-01-21 20:57:29,248 - HerokuApp Automation -INFO - Initiating HomePage Constructor.
2025-01-21 20:57:30,351 - HerokuApp Automation -INFO - Entry Ad validation failed.
2025-01-21 20:57:30,366 - HerokuApp Automation -INFO - Getting back home.
2025-01-21 20:58:19,805 - org.testng.internal.Utils -INFO - [TestNG] Running:
  C:\Users\Manish Jain\AppData\Local\JetBrains\IdeaIC2024.3\temp-testng-customsuite.xml

2025-01-21 20:58:20,295 - HerokuApp Automation -INFO - Starting the application....
2025-01-21 20:58:27,854 - HerokuApp Automation -INFO - Initiating HomePage Constructor.
2025-01-21 20:58:28,946 - HerokuApp Automation -INFO - Modal window text is - It's commonly used to encourage a user to take an action (e.g., give their e-mail address to sign up for something or disable their ad blocker).
2025-01-21 20:58:29,075 - HerokuApp Automation -INFO - Entry Ad validation passed.
2025-01-21 20:58:29,078 - HerokuApp Automation -INFO - Getting back home.
2025-01-21 21:15:30,770 - org.testng.internal.Utils -INFO - [TestNG] Running:
  C:\Users\Manish Jain\AppData\Local\JetBrains\IdeaIC2024.3\temp-testng-customsuite.xml

2025-01-21 21:15:31,282 - HerokuApp Automation -INFO - Starting the application....
2025-01-21 21:15:38,519 - HerokuApp Automation -INFO - Initiating HomePage Constructor.
2025-01-21 21:15:50,257 - HerokuApp Automation -INFO - Exit intent validation failed.
2025-01-21 21:15:50,268 - HerokuApp Automation -INFO - Getting back home.
2025-01-21 21:17:12,547 - org.testng.internal.Utils -INFO - [TestNG] Running:
  C:\Users\Manish Jain\AppData\Local\JetBrains\IdeaIC2024.3\temp-testng-customsuite.xml

2025-01-21 21:17:13,098 - HerokuApp Automation -INFO - Starting the application....
2025-01-21 21:17:23,231 - HerokuApp Automation -INFO - Initiating HomePage Constructor.
2025-01-21 21:17:33,448 - HerokuApp Automation -INFO - Modal window text is - It's commonly used to encourage a user to take an action (e.g., give their e-mail address to sign up for something).
2025-01-21 21:17:33,605 - HerokuApp Automation -INFO - Getting back home.
2025-01-21 21:19:20,133 - org.testng.internal.Utils -INFO - [TestNG] Running:
  C:\Users\Manish Jain\AppData\Local\JetBrains\IdeaIC2024.3\temp-testng-customsuite.xml

2025-01-21 21:19:20,666 - HerokuApp Automation -INFO - Starting the application....
2025-01-21 21:19:28,216 - HerokuApp Automation -INFO - Initiating HomePage Constructor.
2025-01-21 21:19:29,077 - HerokuApp Automation -INFO - Exit intent validation failed.
2025-01-21 21:19:29,091 - HerokuApp Automation -INFO - Getting back home.
2025-01-21 21:20:24,102 - org.testng.internal.Utils -INFO - [TestNG] Running:
  C:\Users\Manish Jain\AppData\Local\JetBrains\IdeaIC2024.3\temp-testng-customsuite.xml

2025-01-21 21:20:24,642 - HerokuApp Automation -INFO - Starting the application....
2025-01-21 21:20:31,044 - HerokuApp Automation -INFO - Initiating HomePage Constructor.
2025-01-21 21:20:31,881 - HerokuApp Automation -INFO - Exit intent validation failed.
2025-01-21 21:20:31,896 - HerokuApp Automation -INFO - Getting back home.
2025-01-21 21:24:13,933 - org.testng.internal.Utils -INFO - [TestNG] Running:
  C:\Users\Manish Jain\AppData\Local\JetBrains\IdeaIC2024.3\temp-testng-customsuite.xml

2025-01-21 21:24:14,459 - HerokuApp Automation -INFO - Starting the application....
2025-01-21 21:24:21,680 - HerokuApp Automation -INFO - Initiating HomePage Constructor.
2025-01-21 21:24:22,507 - HerokuApp Automation -INFO - Exit intent validation failed.
2025-01-21 21:24:22,519 - HerokuApp Automation -INFO - Getting back home.
2025-01-21 21:26:41,765 - org.testng.internal.Utils -INFO - [TestNG] Running:
  C:\Users\Manish Jain\AppData\Local\JetBrains\IdeaIC2024.3\temp-testng-customsuite.xml

2025-01-21 21:26:42,231 - HerokuApp Automation -INFO - Starting the application....
2025-01-21 21:26:49,561 - HerokuApp Automation -INFO - Initiating HomePage Constructor.
2025-01-21 21:27:01,428 - HerokuApp Automation -INFO - Exit intent validation failed.
2025-01-21 21:27:01,437 - HerokuApp Automation -INFO - Getting back home.
2025-01-21 21:27:20,602 - org.testng.internal.Utils -INFO - [TestNG] Running:
  C:\Users\Manish Jain\AppData\Local\JetBrains\IdeaIC2024.3\temp-testng-customsuite.xml

2025-01-21 21:27:21,041 - HerokuApp Automation -INFO - Starting the application....
2025-01-21 21:27:27,549 - HerokuApp Automation -INFO - Initiating HomePage Constructor.
2025-01-21 21:27:39,423 - HerokuApp Automation -INFO - Exit intent validation failed.
2025-01-21 21:27:39,430 - HerokuApp Automation -INFO - Getting back home.
2025-01-21 21:28:25,780 - org.testng.internal.Utils -INFO - [TestNG] Running:
  C:\Users\Manish Jain\AppData\Local\JetBrains\IdeaIC2024.3\temp-testng-customsuite.xml

2025-01-21 21:28:26,216 - HerokuApp Automation -INFO - Starting the application....
2025-01-21 21:28:33,016 - HerokuApp Automation -INFO - Initiating HomePage Constructor.
2025-01-21 21:28:33,851 - HerokuApp Automation -INFO - Exit intent validation failed.
2025-01-21 21:28:33,859 - HerokuApp Automation -INFO - Getting back home.
2025-01-21 21:35:03,775 - org.testng.internal.Utils -INFO - [TestNG] Running:
  C:\Users\Manish Jain\AppData\Local\JetBrains\IdeaIC2024.3\temp-testng-customsuite.xml

2025-01-21 21:35:04,218 - HerokuApp Automation -INFO - Starting the application....
2025-01-21 21:35:10,920 - HerokuApp Automation -INFO - Initiating HomePage Constructor.
2025-01-21 21:35:22,111 - HerokuApp Automation -INFO - Exit intent validation failed.
2025-01-21 21:35:22,118 - HerokuApp Automation -INFO - Getting back home.
2025-01-21 21:36:42,084 - org.testng.internal.Utils -INFO - [TestNG] Running:
  C:\Users\Manish Jain\AppData\Local\JetBrains\IdeaIC2024.3\temp-testng-customsuite.xml

2025-01-21 21:36:42,555 - HerokuApp Automation -INFO - Starting the application....
2025-01-21 21:36:49,792 - HerokuApp Automation -INFO - Initiating HomePage Constructor.
2025-01-21 21:36:50,616 - HerokuApp Automation -INFO - Exit intent validation failed.
2025-01-21 21:36:50,625 - HerokuApp Automation -INFO - Getting back home.
2025-01-21 21:40:38,566 - org.testng.internal.Utils -INFO - [TestNG] Running:
  C:\Users\Manish Jain\AppData\Local\JetBrains\IdeaIC2024.3\temp-testng-customsuite.xml

2025-01-21 21:40:38,996 - HerokuApp Automation -INFO - Starting the application....
2025-01-21 21:40:46,380 - HerokuApp Automation -INFO - Initiating HomePage Constructor.
2025-01-21 21:40:47,304 - HerokuApp Automation -INFO - Exit intent validation failed.
2025-01-21 21:40:47,312 - HerokuApp Automation -INFO - Getting back home.
2025-01-21 21:42:32,992 - org.testng.internal.Utils -INFO - [TestNG] Running:
  C:\Users\Manish Jain\AppData\Local\JetBrains\IdeaIC2024.3\temp-testng-customsuite.xml

2025-01-21 21:42:33,486 - HerokuApp Automation -INFO - Starting the application....
2025-01-21 21:42:46,957 - HerokuApp Automation -INFO - Initiating HomePage Constructor.
2025-01-21 21:42:47,858 - HerokuApp Automation -INFO - Exit intent validation failed.
2025-01-21 21:42:47,870 - HerokuApp Automation -INFO - Getting back home.
2025-01-21 21:44:07,212 - org.testng.internal.Utils -INFO - [TestNG] Running:
  C:\Users\Manish Jain\AppData\Local\JetBrains\IdeaIC2024.3\temp-testng-customsuite.xml

2025-01-21 21:44:07,653 - HerokuApp Automation -INFO - Starting the application....
2025-01-21 21:44:14,875 - HerokuApp Automation -INFO - Initiating HomePage Constructor.
2025-01-21 21:44:15,815 - HerokuApp Automation -INFO - Exit intent validation failed.
2025-01-21 21:44:15,826 - HerokuApp Automation -INFO - Getting back home.
2025-01-21 21:46:00,827 - org.testng.internal.Utils -INFO - [TestNG] Running:
  C:\Users\Manish Jain\AppData\Local\JetBrains\IdeaIC2024.3\temp-testng-customsuite.xml

2025-01-21 21:46:01,300 - HerokuApp Automation -INFO - Starting the application....
2025-01-21 21:46:05,092 - HerokuApp Automation -INFO - Initiating HomePage Constructor.
2025-01-21 21:46:14,355 - HerokuApp Automation -INFO - Modal window text is - It's commonly used to encourage a user to take an action (e.g., give their e-mail address to sign up for something).
2025-01-21 21:46:14,488 - HerokuApp Automation -INFO - Getting back home.
2025-01-21 21:47:11,414 - org.testng.internal.Utils -INFO - [TestNG] Running:
  C:\Users\Manish Jain\AppData\Local\JetBrains\IdeaIC2024.3\temp-testng-customsuite.xml

2025-01-21 21:47:11,861 - HerokuApp Automation -INFO - Starting the application....
2025-01-21 21:47:19,266 - HerokuApp Automation -INFO - Initiating HomePage Constructor.
2025-01-21 21:47:32,399 - HerokuApp Automation -INFO - Exit intent validation failed.
2025-01-21 21:47:32,407 - HerokuApp Automation -INFO - Getting back home.
2025-01-21 21:48:35,182 - org.testng.internal.Utils -INFO - [TestNG] Running:
  C:\Users\Manish Jain\AppData\Local\JetBrains\IdeaIC2024.3\temp-testng-customsuite.xml

2025-01-21 21:48:35,648 - HerokuApp Automation -INFO - Starting the application....
2025-01-21 21:48:41,275 - HerokuApp Automation -INFO - Initiating HomePage Constructor.
2025-01-21 21:48:54,382 - HerokuApp Automation -INFO - Exit intent validation failed.
2025-01-21 21:48:54,389 - HerokuApp Automation -INFO - Getting back home.
2025-01-21 21:50:36,377 - org.testng.internal.Utils -INFO - [TestNG] Running:
  C:\Users\Manish Jain\AppData\Local\JetBrains\IdeaIC2024.3\temp-testng-customsuite.xml

2025-01-21 21:50:36,810 - HerokuApp Automation -INFO - Starting the application....
2025-01-21 21:50:40,724 - HerokuApp Automation -INFO - Initiating HomePage Constructor.
2025-01-21 21:50:53,771 - HerokuApp Automation -INFO - Exit intent validation failed.
2025-01-21 21:50:53,778 - HerokuApp Automation -INFO - Getting back home.
2025-01-21 21:52:15,636 - org.testng.internal.Utils -INFO - [TestNG] Running:
  C:\Users\Manish Jain\AppData\Local\JetBrains\IdeaIC2024.3\temp-testng-customsuite.xml

2025-01-21 21:52:16,073 - HerokuApp Automation -INFO - Starting the application....
2025-01-21 21:52:20,305 - HerokuApp Automation -INFO - Initiating HomePage Constructor.
2025-01-21 21:52:23,646 - HerokuApp Automation -INFO - Exit intent validation passed.
2025-01-21 21:52:23,649 - HerokuApp Automation -INFO - Getting back home.
